2013-04-09 18:19:58,697  WARN [org.eclipse.jdt.internal.ui.text.JavaReconciler] - ImplicitHighlightingPresenter - Timeout while waiting for `askLoadedTyped` during implicit highlighting.
2013-04-09 18:52:01,969 ERROR [Worker-78] - System.err - SLF4J: Failed to load class "org.slf4j.impl.StaticLoggerBinder".
2013-04-09 18:52:01,970 ERROR [Worker-78] - System.err - SLF4J: Defaulting to no-operation (NOP) logger implementation
2013-04-09 18:52:01,970 ERROR [Worker-78] - System.err - SLF4J: See http://www.slf4j.org/codes.html#StaticLoggerBinder for further details.
2013-04-13 13:24:46,128 ERROR [Worker-56] - System.err - SLF4J: Failed to load class "org.slf4j.impl.StaticLoggerBinder".
2013-04-13 13:24:46,129 ERROR [Worker-56] - System.err - SLF4J: Defaulting to no-operation (NOP) logger implementation
2013-04-13 13:24:46,129 ERROR [Worker-56] - System.err - SLF4J: See http://www.slf4j.org/codes.html#StaticLoggerBinder for further details.
2013-04-23 02:01:37,046 ERROR [Worker-51] - System.err - SLF4J: Failed to load class "org.slf4j.impl.StaticLoggerBinder".
2013-04-23 02:01:37,090 ERROR [Worker-51] - System.err - SLF4J: Defaulting to no-operation (NOP) logger implementation
2013-04-23 02:01:37,090 ERROR [Worker-51] - System.err - SLF4J: See http://www.slf4j.org/codes.html#StaticLoggerBinder for further details.
2013-04-24 00:18:27,833 ERROR [Scala Presentation Compiler [progfun-objsets]] - System.err - java.lang.UnsupportedOperationException: Position.point on class scala.reflect.internal.util.NoPosition$
2013-04-24 00:18:27,834 ERROR [Scala Presentation Compiler [progfun-objsets]] - System.err - at scala.reflect.internal.util.Position.point(Position.scala:120)
2013-04-24 00:18:27,834 ERROR [Scala Presentation Compiler [progfun-objsets]] - System.err - at scala.reflect.internal.util.Position.endOrPoint(Position.scala:129)
2013-04-24 00:18:27,834 ERROR [Scala Presentation Compiler [progfun-objsets]] - System.err - at scala.tools.nsc.ast.parser.TreeBuilder.makeWhile(TreeBuilder.scala:255)
2013-04-24 00:18:27,834 ERROR [Scala Presentation Compiler [progfun-objsets]] - System.err - at scala.tools.nsc.ast.parser.Parsers$Parser.parseWhile$1(Parsers.scala:1339)
2013-04-24 00:18:27,834 ERROR [Scala Presentation Compiler [progfun-objsets]] - System.err - at scala.tools.nsc.ast.parser.Parsers$Parser.expr0(Parsers.scala:1342)
2013-04-24 00:18:27,834 ERROR [Scala Presentation Compiler [progfun-objsets]] - System.err - at scala.tools.nsc.ast.parser.Parsers$Parser.expr(Parsers.scala:1285)
2013-04-24 00:18:27,834 ERROR [Scala Presentation Compiler [progfun-objsets]] - System.err - at scala.tools.nsc.ast.parser.Parsers$Parser.statement(Parsers.scala:1255)
2013-04-24 00:18:27,834 ERROR [Scala Presentation Compiler [progfun-objsets]] - System.err - at scala.tools.nsc.ast.parser.Parsers$Parser$$anonfun$blockStatSeq$1.apply(Parsers.scala:3074)
2013-04-24 00:18:27,835 ERROR [Scala Presentation Compiler [progfun-objsets]] - System.err - at scala.tools.nsc.ast.parser.Parsers$Parser$$anonfun$blockStatSeq$1.apply(Parsers.scala:3066)
2013-04-24 00:18:27,835 ERROR [Scala Presentation Compiler [progfun-objsets]] - System.err - at scala.tools.nsc.ast.parser.Parsers$Parser.checkNoEscapingPlaceholders(Parsers.scala:428)
2013-04-24 00:18:27,835 ERROR [Scala Presentation Compiler [progfun-objsets]] - System.err - at scala.tools.nsc.ast.parser.Parsers$Parser.blockStatSeq(Parsers.scala:3066)
2013-04-24 00:18:27,835 ERROR [Scala Presentation Compiler [progfun-objsets]] - System.err - at scala.tools.nsc.ast.parser.Parsers$Parser.block(Parsers.scala:1654)
2013-04-24 00:18:27,835 ERROR [Scala Presentation Compiler [progfun-objsets]] - System.err - at scala.tools.nsc.ast.parser.Parsers$Parser.blockExpr(Parsers.scala:1643)
2013-04-24 00:18:27,835 ERROR [Scala Presentation Compiler [progfun-objsets]] - System.err - at scala.tools.nsc.ast.parser.Parsers$Parser.simpleExpr(Parsers.scala:1556)
2013-04-24 00:18:27,835 ERROR [Scala Presentation Compiler [progfun-objsets]] - System.err - at scala.tools.nsc.ast.parser.Parsers$Parser.prefixExpr(Parsers.scala:1518)
2013-04-24 00:18:27,835 ERROR [Scala Presentation Compiler [progfun-objsets]] - System.err - at scala.tools.nsc.ast.parser.Parsers$Parser.postfixExpr(Parsers.scala:1478)
2013-04-24 00:18:27,835 ERROR [Scala Presentation Compiler [progfun-objsets]] - System.err - at scala.tools.nsc.ast.parser.Parsers$Parser.parseOther$1(Parsers.scala:1391)
2013-04-24 00:18:27,835 ERROR [Scala Presentation Compiler [progfun-objsets]] - System.err - at scala.tools.nsc.ast.parser.Parsers$Parser.expr0(Parsers.scala:1445)
2013-04-24 00:18:27,835 ERROR [Scala Presentation Compiler [progfun-objsets]] - System.err - at scala.tools.nsc.ast.parser.Parsers$Parser.expr(Parsers.scala:1285)
2013-04-24 00:18:27,835 ERROR [Scala Presentation Compiler [progfun-objsets]] - System.err - at scala.tools.nsc.ast.parser.Parsers$Parser.expr(Parsers.scala:1280)
2013-04-24 00:18:27,835 ERROR [Scala Presentation Compiler [progfun-objsets]] - System.err - at scala.tools.nsc.ast.parser.Parsers$Parser.funDefRest(Parsers.scala:2571)
2013-04-24 00:18:27,835 ERROR [Scala Presentation Compiler [progfun-objsets]] - System.err - at scala.tools.nsc.ast.parser.Parsers$Parser.funDefOrDcl(Parsers.scala:2538)
2013-04-24 00:18:27,835 ERROR [Scala Presentation Compiler [progfun-objsets]] - System.err - at scala.tools.nsc.ast.parser.Parsers$Parser.defOrDcl(Parsers.scala:2421)
2013-04-24 00:18:27,835 ERROR [Scala Presentation Compiler [progfun-objsets]] - System.err - at scala.tools.nsc.ast.parser.Parsers$Parser.nonLocalDefOrDcl(Parsers.scala:2433)
2013-04-24 00:18:27,835 ERROR [Scala Presentation Compiler [progfun-objsets]] - System.err - at scala.tools.nsc.ast.parser.Parsers$Parser$$anonfun$templateStatSeq$1$$anonfun$apply$5.apply(Parsers.scala:2997)
2013-04-24 00:18:27,835 ERROR [Scala Presentation Compiler [progfun-objsets]] - System.err - at scala.tools.nsc.ast.parser.Parsers$Parser$$anonfun$templateStatSeq$1$$anonfun$apply$5.apply(Parsers.scala:2997)
2013-04-24 00:18:27,835 ERROR [Scala Presentation Compiler [progfun-objsets]] - System.err - at scala.tools.nsc.ast.parser.Parsers$Parser.joinComment(Parsers.scala:683)
2013-04-24 00:18:27,835 ERROR [Scala Presentation Compiler [progfun-objsets]] - System.err - at scala.tools.nsc.ast.parser.Parsers$Parser$$anonfun$templateStatSeq$1.apply(Parsers.scala:2997)
2013-04-24 00:18:27,836 ERROR [Scala Presentation Compiler [progfun-objsets]] - System.err - at scala.tools.nsc.ast.parser.Parsers$Parser$$anonfun$templateStatSeq$1.apply(Parsers.scala:2966)
2013-04-24 00:18:27,836 ERROR [Scala Presentation Compiler [progfun-objsets]] - System.err - at scala.tools.nsc.ast.parser.Parsers$Parser.checkNoEscapingPlaceholders(Parsers.scala:428)
2013-04-24 00:18:27,836 ERROR [Scala Presentation Compiler [progfun-objsets]] - System.err - at scala.tools.nsc.ast.parser.Parsers$Parser.templateStatSeq(Parsers.scala:2966)
2013-04-24 00:18:27,836 ERROR [Scala Presentation Compiler [progfun-objsets]] - System.err - at scala.tools.nsc.ast.parser.Parsers$Parser.templateBody(Parsers.scala:2846)
2013-04-24 00:18:27,836 ERROR [Scala Presentation Compiler [progfun-objsets]] - System.err - at scala.tools.nsc.ast.parser.Parsers$Parser.templateBodyOpt(Parsers.scala:2853)
2013-04-24 00:18:27,836 ERROR [Scala Presentation Compiler [progfun-objsets]] - System.err - at scala.tools.nsc.ast.parser.Parsers$Parser.template(Parsers.scala:2790)
2013-04-24 00:18:27,836 ERROR [Scala Presentation Compiler [progfun-objsets]] - System.err - at scala.tools.nsc.ast.parser.Parsers$Parser.templateOpt(Parsers.scala:2808)
2013-04-24 00:18:27,836 ERROR [Scala Presentation Compiler [progfun-objsets]] - System.err - at scala.tools.nsc.ast.parser.Parsers$Parser$$anonfun$classDef$1.apply(Parsers.scala:2709)
2013-04-24 00:18:27,836 ERROR [Scala Presentation Compiler [progfun-objsets]] - System.err - at scala.tools.nsc.ast.parser.Parsers$Parser$$anonfun$classDef$1.apply(Parsers.scala:2690)
2013-04-24 00:18:27,836 ERROR [Scala Presentation Compiler [progfun-objsets]] - System.err - at scala.tools.nsc.ast.parser.Parsers$Parser.savingClassContextBounds(Parsers.scala:290)
2013-04-24 00:18:27,836 ERROR [Scala Presentation Compiler [progfun-objsets]] - System.err - at scala.tools.nsc.ast.parser.Parsers$Parser.classDef(Parsers.scala:2690)
2013-04-24 00:18:27,836 ERROR [Scala Presentation Compiler [progfun-objsets]] - System.err - at scala.tools.nsc.ast.parser.Parsers$Parser.tmplDef(Parsers.scala:2666)
2013-04-24 00:18:27,836 ERROR [Scala Presentation Compiler [progfun-objsets]] - System.err - at scala.tools.nsc.ast.parser.Parsers$Parser.topLevelTmplDef(Parsers.scala:2651)
2013-04-24 00:18:27,836 ERROR [Scala Presentation Compiler [progfun-objsets]] - System.err - at scala.tools.nsc.ast.parser.Parsers$Parser$$anonfun$topStatSeq$2.apply(Parsers.scala:2937)
2013-04-24 00:18:27,836 ERROR [Scala Presentation Compiler [progfun-objsets]] - System.err - at scala.tools.nsc.ast.parser.Parsers$Parser$$anonfun$topStatSeq$2.apply(Parsers.scala:2937)
2013-04-24 00:18:27,836 ERROR [Scala Presentation Compiler [progfun-objsets]] - System.err - at scala.tools.nsc.ast.parser.Parsers$Parser.joinComment(Parsers.scala:683)
2013-04-24 00:18:27,836 ERROR [Scala Presentation Compiler [progfun-objsets]] - System.err - at scala.tools.nsc.ast.parser.Parsers$Parser.topStatSeq(Parsers.scala:2937)
2013-04-24 00:18:27,836 ERROR [Scala Presentation Compiler [progfun-objsets]] - System.err - at scala.tools.nsc.ast.parser.Parsers$Parser$$anonfun$compilationUnit$1.topstats$1(Parsers.scala:3132)
2013-04-24 00:18:27,836 ERROR [Scala Presentation Compiler [progfun-objsets]] - System.err - at scala.tools.nsc.ast.parser.Parsers$Parser$$anonfun$compilationUnit$1.topstats$1(Parsers.scala:3124)
2013-04-24 00:18:27,836 ERROR [Scala Presentation Compiler [progfun-objsets]] - System.err - at scala.tools.nsc.ast.parser.Parsers$Parser$$anonfun$compilationUnit$1.apply(Parsers.scala:3138)
2013-04-24 00:18:27,836 ERROR [Scala Presentation Compiler [progfun-objsets]] - System.err - at scala.tools.nsc.ast.parser.Parsers$Parser$$anonfun$compilationUnit$1.apply(Parsers.scala:3102)
2013-04-24 00:18:27,836 ERROR [Scala Presentation Compiler [progfun-objsets]] - System.err - at scala.tools.nsc.ast.parser.Parsers$Parser.checkNoEscapingPlaceholders(Parsers.scala:428)
2013-04-24 00:18:27,837 ERROR [Scala Presentation Compiler [progfun-objsets]] - System.err - at scala.tools.nsc.ast.parser.Parsers$Parser.compilationUnit(Parsers.scala:3102)
2013-04-24 00:18:27,837 ERROR [Scala Presentation Compiler [progfun-objsets]] - System.err - at scala.tools.nsc.ast.parser.Parsers$SourceFileParser$$anonfun$parseStartRule$1.apply(Parsers.scala:141)
2013-04-24 00:18:27,837 ERROR [Scala Presentation Compiler [progfun-objsets]] - System.err - at scala.tools.nsc.ast.parser.Parsers$SourceFileParser$$anonfun$parseStartRule$1.apply(Parsers.scala:141)
2013-04-24 00:18:27,837 ERROR [Scala Presentation Compiler [progfun-objsets]] - System.err - at scala.tools.nsc.ast.parser.Parsers$Parser.parse(Parsers.scala:313)
2013-04-24 00:18:27,837 ERROR [Scala Presentation Compiler [progfun-objsets]] - System.err - at scala.tools.nsc.ast.parser.Parsers$UnitParser.smartParse(Parsers.scala:242)
2013-04-24 00:18:27,837 ERROR [Scala Presentation Compiler [progfun-objsets]] - System.err - at scala.tools.nsc.ast.parser.SyntaxAnalyzer$ParserPhase.apply(SyntaxAnalyzer.scala:29)
2013-04-24 00:18:27,837 ERROR [Scala Presentation Compiler [progfun-objsets]] - System.err - at scala.tools.nsc.Global$GlobalPhase.applyPhase(Global.scala:463)
2013-04-24 00:18:27,837 ERROR [Scala Presentation Compiler [progfun-objsets]] - System.err - at scala.tools.nsc.Global$Run$$anonfun$compileLate$2$$anonfun$apply$1.apply(Global.scala:1682)
2013-04-24 00:18:27,837 ERROR [Scala Presentation Compiler [progfun-objsets]] - System.err - at scala.tools.nsc.Global$Run$$anonfun$compileLate$2$$anonfun$apply$1.apply(Global.scala:1682)
2013-04-24 00:18:27,837 ERROR [Scala Presentation Compiler [progfun-objsets]] - System.err - at scala.reflect.internal.SymbolTable.atPhase(SymbolTable.scala:207)
2013-04-24 00:18:27,837 ERROR [Scala Presentation Compiler [progfun-objsets]] - System.err - at scala.tools.nsc.Global$Run$$anonfun$compileLate$2.apply(Global.scala:1682)
2013-04-24 00:18:27,837 ERROR [Scala Presentation Compiler [progfun-objsets]] - System.err - at scala.tools.nsc.Global$Run$$anonfun$compileLate$2.apply(Global.scala:1681)
2013-04-24 00:18:27,837 ERROR [Scala Presentation Compiler [progfun-objsets]] - System.err - at scala.collection.Iterator$class.foreach(Iterator.scala:727)
2013-04-24 00:18:27,837 ERROR [Scala Presentation Compiler [progfun-objsets]] - System.err - at scala.collection.AbstractIterator.foreach(Iterator.scala:1157)
2013-04-24 00:18:27,837 ERROR [Scala Presentation Compiler [progfun-objsets]] - System.err - at scala.tools.nsc.Global$Run.compileLate(Global.scala:1681)
2013-04-24 00:18:27,837 ERROR [Scala Presentation Compiler [progfun-objsets]] - System.err - at scala.tools.nsc.interactive.Global.scala$tools$nsc$interactive$Global$$parseAndEnter(Global.scala:574)
2013-04-24 00:18:27,837 ERROR [Scala Presentation Compiler [progfun-objsets]] - System.err - at scala.tools.nsc.interactive.Global.backgroundCompile(Global.scala:481)
2013-04-24 00:18:27,837 ERROR [Scala Presentation Compiler [progfun-objsets]] - System.err - at scala.tools.nsc.interactive.PresentationCompilerThread.run(PresentationCompilerThread.scala:25)
2013-04-24 00:18:28,741 ERROR [Scala Presentation Compiler [progfun-objsets]] - System.err - java.lang.UnsupportedOperationException: Position.point on class scala.reflect.internal.util.NoPosition$
2013-04-24 00:18:28,741 ERROR [Scala Presentation Compiler [progfun-objsets]] - System.err - at scala.reflect.internal.util.Position.point(Position.scala:120)
2013-04-24 00:18:28,741 ERROR [Scala Presentation Compiler [progfun-objsets]] - System.err - at scala.reflect.internal.util.Position.endOrPoint(Position.scala:129)
2013-04-24 00:18:28,741 ERROR [Scala Presentation Compiler [progfun-objsets]] - System.err - at scala.tools.nsc.ast.parser.TreeBuilder.makeWhile(TreeBuilder.scala:255)
2013-04-24 00:18:28,742 ERROR [Scala Presentation Compiler [progfun-objsets]] - System.err - at scala.tools.nsc.ast.parser.Parsers$Parser.parseWhile$1(Parsers.scala:1339)
2013-04-24 00:18:28,742 ERROR [Scala Presentation Compiler [progfun-objsets]] - System.err - at scala.tools.nsc.ast.parser.Parsers$Parser.expr0(Parsers.scala:1342)
2013-04-24 00:18:28,742 ERROR [Scala Presentation Compiler [progfun-objsets]] - System.err - at scala.tools.nsc.ast.parser.Parsers$Parser.expr(Parsers.scala:1285)
2013-04-24 00:18:28,742 ERROR [Scala Presentation Compiler [progfun-objsets]] - System.err - at scala.tools.nsc.ast.parser.Parsers$Parser.statement(Parsers.scala:1255)
2013-04-24 00:18:28,742 ERROR [Scala Presentation Compiler [progfun-objsets]] - System.err - at scala.tools.nsc.ast.parser.Parsers$Parser$$anonfun$blockStatSeq$1.apply(Parsers.scala:3074)
2013-04-24 00:18:28,742 ERROR [Scala Presentation Compiler [progfun-objsets]] - System.err - at scala.tools.nsc.ast.parser.Parsers$Parser$$anonfun$blockStatSeq$1.apply(Parsers.scala:3066)
2013-04-24 00:18:28,742 ERROR [Scala Presentation Compiler [progfun-objsets]] - System.err - at scala.tools.nsc.ast.parser.Parsers$Parser.checkNoEscapingPlaceholders(Parsers.scala:428)
2013-04-24 00:18:28,742 ERROR [Scala Presentation Compiler [progfun-objsets]] - System.err - at scala.tools.nsc.ast.parser.Parsers$Parser.blockStatSeq(Parsers.scala:3066)
2013-04-24 00:18:28,742 ERROR [Scala Presentation Compiler [progfun-objsets]] - System.err - at scala.tools.nsc.ast.parser.Parsers$Parser.block(Parsers.scala:1654)
2013-04-24 00:18:28,742 ERROR [Scala Presentation Compiler [progfun-objsets]] - System.err - at scala.tools.nsc.ast.parser.Parsers$Parser.blockExpr(Parsers.scala:1643)
2013-04-24 00:18:28,742 ERROR [Scala Presentation Compiler [progfun-objsets]] - System.err - at scala.tools.nsc.ast.parser.Parsers$Parser.simpleExpr(Parsers.scala:1556)
2013-04-24 00:18:28,742 ERROR [Scala Presentation Compiler [progfun-objsets]] - System.err - at scala.tools.nsc.ast.parser.Parsers$Parser.prefixExpr(Parsers.scala:1518)
2013-04-24 00:18:28,742 ERROR [Scala Presentation Compiler [progfun-objsets]] - System.err - at scala.tools.nsc.ast.parser.Parsers$Parser.postfixExpr(Parsers.scala:1478)
2013-04-24 00:18:28,742 ERROR [Scala Presentation Compiler [progfun-objsets]] - System.err - at scala.tools.nsc.ast.parser.Parsers$Parser.parseOther$1(Parsers.scala:1391)
2013-04-24 00:18:28,742 ERROR [Scala Presentation Compiler [progfun-objsets]] - System.err - at scala.tools.nsc.ast.parser.Parsers$Parser.expr0(Parsers.scala:1445)
2013-04-24 00:18:28,742 ERROR [Scala Presentation Compiler [progfun-objsets]] - System.err - at scala.tools.nsc.ast.parser.Parsers$Parser.expr(Parsers.scala:1285)
2013-04-24 00:18:28,742 ERROR [Scala Presentation Compiler [progfun-objsets]] - System.err - at scala.tools.nsc.ast.parser.Parsers$Parser.expr(Parsers.scala:1280)
2013-04-24 00:18:28,742 ERROR [Scala Presentation Compiler [progfun-objsets]] - System.err - at scala.tools.nsc.ast.parser.Parsers$Parser.funDefRest(Parsers.scala:2571)
2013-04-24 00:18:28,742 ERROR [Scala Presentation Compiler [progfun-objsets]] - System.err - at scala.tools.nsc.ast.parser.Parsers$Parser.funDefOrDcl(Parsers.scala:2538)
2013-04-24 00:18:28,742 ERROR [Scala Presentation Compiler [progfun-objsets]] - System.err - at scala.tools.nsc.ast.parser.Parsers$Parser.defOrDcl(Parsers.scala:2421)
2013-04-24 00:18:28,742 ERROR [Scala Presentation Compiler [progfun-objsets]] - System.err - at scala.tools.nsc.ast.parser.Parsers$Parser.nonLocalDefOrDcl(Parsers.scala:2433)
2013-04-24 00:18:28,743 ERROR [Scala Presentation Compiler [progfun-objsets]] - System.err - at scala.tools.nsc.ast.parser.Parsers$Parser$$anonfun$templateStatSeq$1$$anonfun$apply$5.apply(Parsers.scala:2997)
2013-04-24 00:18:28,743 ERROR [Scala Presentation Compiler [progfun-objsets]] - System.err - at scala.tools.nsc.ast.parser.Parsers$Parser$$anonfun$templateStatSeq$1$$anonfun$apply$5.apply(Parsers.scala:2997)
2013-04-24 00:18:28,743 ERROR [Scala Presentation Compiler [progfun-objsets]] - System.err - at scala.tools.nsc.ast.parser.Parsers$Parser.joinComment(Parsers.scala:683)
2013-04-24 00:18:28,743 ERROR [Scala Presentation Compiler [progfun-objsets]] - System.err - at scala.tools.nsc.ast.parser.Parsers$Parser$$anonfun$templateStatSeq$1.apply(Parsers.scala:2997)
2013-04-24 00:18:28,743 ERROR [Scala Presentation Compiler [progfun-objsets]] - System.err - at scala.tools.nsc.ast.parser.Parsers$Parser$$anonfun$templateStatSeq$1.apply(Parsers.scala:2966)
2013-04-24 00:18:28,743 ERROR [Scala Presentation Compiler [progfun-objsets]] - System.err - at scala.tools.nsc.ast.parser.Parsers$Parser.checkNoEscapingPlaceholders(Parsers.scala:428)
2013-04-24 00:18:28,743 ERROR [Scala Presentation Compiler [progfun-objsets]] - System.err - at scala.tools.nsc.ast.parser.Parsers$Parser.templateStatSeq(Parsers.scala:2966)
2013-04-24 00:18:28,743 ERROR [Scala Presentation Compiler [progfun-objsets]] - System.err - at scala.tools.nsc.ast.parser.Parsers$Parser.templateBody(Parsers.scala:2846)
2013-04-24 00:18:28,743 ERROR [Scala Presentation Compiler [progfun-objsets]] - System.err - at scala.tools.nsc.ast.parser.Parsers$Parser.templateBodyOpt(Parsers.scala:2853)
2013-04-24 00:18:28,743 ERROR [Scala Presentation Compiler [progfun-objsets]] - System.err - at scala.tools.nsc.ast.parser.Parsers$Parser.template(Parsers.scala:2790)
2013-04-24 00:18:28,743 ERROR [Scala Presentation Compiler [progfun-objsets]] - System.err - at scala.tools.nsc.ast.parser.Parsers$Parser.templateOpt(Parsers.scala:2808)
2013-04-24 00:18:28,743 ERROR [Scala Presentation Compiler [progfun-objsets]] - System.err - at scala.tools.nsc.ast.parser.Parsers$Parser$$anonfun$classDef$1.apply(Parsers.scala:2709)
2013-04-24 00:18:28,743 ERROR [Scala Presentation Compiler [progfun-objsets]] - System.err - at scala.tools.nsc.ast.parser.Parsers$Parser$$anonfun$classDef$1.apply(Parsers.scala:2690)
2013-04-24 00:18:28,743 ERROR [Scala Presentation Compiler [progfun-objsets]] - System.err - at scala.tools.nsc.ast.parser.Parsers$Parser.savingClassContextBounds(Parsers.scala:290)
2013-04-24 00:18:28,743 ERROR [Scala Presentation Compiler [progfun-objsets]] - System.err - at scala.tools.nsc.ast.parser.Parsers$Parser.classDef(Parsers.scala:2690)
2013-04-24 00:18:28,743 ERROR [Scala Presentation Compiler [progfun-objsets]] - System.err - at scala.tools.nsc.ast.parser.Parsers$Parser.tmplDef(Parsers.scala:2666)
2013-04-24 00:18:28,743 ERROR [Scala Presentation Compiler [progfun-objsets]] - System.err - at scala.tools.nsc.ast.parser.Parsers$Parser.topLevelTmplDef(Parsers.scala:2651)
2013-04-24 00:18:28,743 ERROR [Scala Presentation Compiler [progfun-objsets]] - System.err - at scala.tools.nsc.ast.parser.Parsers$Parser$$anonfun$topStatSeq$2.apply(Parsers.scala:2937)
2013-04-24 00:18:28,743 ERROR [Scala Presentation Compiler [progfun-objsets]] - System.err - at scala.tools.nsc.ast.parser.Parsers$Parser$$anonfun$topStatSeq$2.apply(Parsers.scala:2937)
2013-04-24 00:18:28,743 ERROR [Scala Presentation Compiler [progfun-objsets]] - System.err - at scala.tools.nsc.ast.parser.Parsers$Parser.joinComment(Parsers.scala:683)
2013-04-24 00:18:28,743 ERROR [Scala Presentation Compiler [progfun-objsets]] - System.err - at scala.tools.nsc.ast.parser.Parsers$Parser.topStatSeq(Parsers.scala:2937)
2013-04-24 00:18:28,743 ERROR [Scala Presentation Compiler [progfun-objsets]] - System.err - at scala.tools.nsc.ast.parser.Parsers$Parser$$anonfun$compilationUnit$1.topstats$1(Parsers.scala:3132)
2013-04-24 00:18:28,743 ERROR [Scala Presentation Compiler [progfun-objsets]] - System.err - at scala.tools.nsc.ast.parser.Parsers$Parser$$anonfun$compilationUnit$1.topstats$1(Parsers.scala:3124)
2013-04-24 00:18:28,744 ERROR [Scala Presentation Compiler [progfun-objsets]] - System.err - at scala.tools.nsc.ast.parser.Parsers$Parser$$anonfun$compilationUnit$1.apply(Parsers.scala:3138)
2013-04-24 00:18:28,744 ERROR [Scala Presentation Compiler [progfun-objsets]] - System.err - at scala.tools.nsc.ast.parser.Parsers$Parser$$anonfun$compilationUnit$1.apply(Parsers.scala:3102)
2013-04-24 00:18:28,744 ERROR [Scala Presentation Compiler [progfun-objsets]] - System.err - at scala.tools.nsc.ast.parser.Parsers$Parser.checkNoEscapingPlaceholders(Parsers.scala:428)
2013-04-24 00:18:28,744 ERROR [Scala Presentation Compiler [progfun-objsets]] - System.err - at scala.tools.nsc.ast.parser.Parsers$Parser.compilationUnit(Parsers.scala:3102)
2013-04-24 00:18:28,744 ERROR [Scala Presentation Compiler [progfun-objsets]] - System.err - at scala.tools.nsc.ast.parser.Parsers$SourceFileParser$$anonfun$parseStartRule$1.apply(Parsers.scala:141)
2013-04-24 00:18:28,744 ERROR [Scala Presentation Compiler [progfun-objsets]] - System.err - at scala.tools.nsc.ast.parser.Parsers$SourceFileParser$$anonfun$parseStartRule$1.apply(Parsers.scala:141)
2013-04-24 00:18:28,744 ERROR [Scala Presentation Compiler [progfun-objsets]] - System.err - at scala.tools.nsc.ast.parser.Parsers$Parser.parse(Parsers.scala:313)
2013-04-24 00:18:28,744 ERROR [Scala Presentation Compiler [progfun-objsets]] - System.err - at scala.tools.nsc.ast.parser.Parsers$UnitParser.smartParse(Parsers.scala:242)
2013-04-24 00:18:28,744 ERROR [Scala Presentation Compiler [progfun-objsets]] - System.err - at scala.tools.nsc.ast.parser.SyntaxAnalyzer$ParserPhase.apply(SyntaxAnalyzer.scala:29)
2013-04-24 00:18:28,744 ERROR [Scala Presentation Compiler [progfun-objsets]] - System.err - at scala.tools.nsc.Global$GlobalPhase.applyPhase(Global.scala:463)
2013-04-24 00:18:28,744 ERROR [Scala Presentation Compiler [progfun-objsets]] - System.err - at scala.tools.nsc.Global$Run$$anonfun$compileLate$2$$anonfun$apply$1.apply(Global.scala:1682)
2013-04-24 00:18:28,744 ERROR [Scala Presentation Compiler [progfun-objsets]] - System.err - at scala.tools.nsc.Global$Run$$anonfun$compileLate$2$$anonfun$apply$1.apply(Global.scala:1682)
2013-04-24 00:18:28,744 ERROR [Scala Presentation Compiler [progfun-objsets]] - System.err - at scala.reflect.internal.SymbolTable.atPhase(SymbolTable.scala:207)
2013-04-24 00:18:28,744 ERROR [Scala Presentation Compiler [progfun-objsets]] - System.err - at scala.tools.nsc.Global$Run$$anonfun$compileLate$2.apply(Global.scala:1682)
2013-04-24 00:18:28,744 ERROR [Scala Presentation Compiler [progfun-objsets]] - System.err - at scala.tools.nsc.Global$Run$$anonfun$compileLate$2.apply(Global.scala:1681)
2013-04-24 00:18:28,744 ERROR [Scala Presentation Compiler [progfun-objsets]] - System.err - at scala.collection.Iterator$class.foreach(Iterator.scala:727)
2013-04-24 00:18:28,744 ERROR [Scala Presentation Compiler [progfun-objsets]] - System.err - at scala.collection.AbstractIterator.foreach(Iterator.scala:1157)
2013-04-24 00:18:28,744 ERROR [Scala Presentation Compiler [progfun-objsets]] - System.err - at scala.tools.nsc.Global$Run.compileLate(Global.scala:1681)
2013-04-24 00:18:28,744 ERROR [Scala Presentation Compiler [progfun-objsets]] - System.err - at scala.tools.nsc.interactive.Global.scala$tools$nsc$interactive$Global$$parseAndEnter(Global.scala:574)
2013-04-24 00:18:28,744 ERROR [Scala Presentation Compiler [progfun-objsets]] - System.err - at scala.tools.nsc.interactive.Global.backgroundCompile(Global.scala:481)
2013-04-24 00:18:28,744 ERROR [Scala Presentation Compiler [progfun-objsets]] - System.err - at scala.tools.nsc.interactive.PresentationCompilerThread.run(PresentationCompilerThread.scala:25)
2013-04-24 00:18:28,749 ERROR [Scala Presentation Compiler [progfun-objsets]] - System.err - java.lang.UnsupportedOperationException: Position.point on class scala.reflect.internal.util.NoPosition$
2013-04-24 00:18:28,749 ERROR [Scala Presentation Compiler [progfun-objsets]] - System.err - at scala.reflect.internal.util.Position.point(Position.scala:120)
2013-04-24 00:18:28,749 ERROR [Scala Presentation Compiler [progfun-objsets]] - System.err - at scala.reflect.internal.util.Position.endOrPoint(Position.scala:129)
2013-04-24 00:18:28,749 ERROR [Scala Presentation Compiler [progfun-objsets]] - System.err - at scala.tools.nsc.ast.parser.TreeBuilder.makeWhile(TreeBuilder.scala:255)
2013-04-24 00:18:28,749 ERROR [Scala Presentation Compiler [progfun-objsets]] - System.err - at scala.tools.nsc.ast.parser.Parsers$Parser.parseWhile$1(Parsers.scala:1339)
2013-04-24 00:18:28,749 ERROR [Scala Presentation Compiler [progfun-objsets]] - System.err - at scala.tools.nsc.ast.parser.Parsers$Parser.expr0(Parsers.scala:1342)
2013-04-24 00:18:28,749 ERROR [Scala Presentation Compiler [progfun-objsets]] - System.err - at scala.tools.nsc.ast.parser.Parsers$Parser.expr(Parsers.scala:1285)
2013-04-24 00:18:28,749 ERROR [Scala Presentation Compiler [progfun-objsets]] - System.err - at scala.tools.nsc.ast.parser.Parsers$Parser.statement(Parsers.scala:1255)
2013-04-24 00:18:28,749 ERROR [Scala Presentation Compiler [progfun-objsets]] - System.err - at scala.tools.nsc.ast.parser.Parsers$Parser$$anonfun$blockStatSeq$1.apply(Parsers.scala:3074)
2013-04-24 00:18:28,749 ERROR [Scala Presentation Compiler [progfun-objsets]] - System.err - at scala.tools.nsc.ast.parser.Parsers$Parser$$anonfun$blockStatSeq$1.apply(Parsers.scala:3066)
2013-04-24 00:18:28,749 ERROR [Scala Presentation Compiler [progfun-objsets]] - System.err - at scala.tools.nsc.ast.parser.Parsers$Parser.checkNoEscapingPlaceholders(Parsers.scala:428)
2013-04-24 00:18:28,749 ERROR [Scala Presentation Compiler [progfun-objsets]] - System.err - at scala.tools.nsc.ast.parser.Parsers$Parser.blockStatSeq(Parsers.scala:3066)
2013-04-24 00:18:28,750 ERROR [Scala Presentation Compiler [progfun-objsets]] - System.err - at scala.tools.nsc.ast.parser.Parsers$Parser.block(Parsers.scala:1654)
2013-04-24 00:18:28,750 ERROR [Scala Presentation Compiler [progfun-objsets]] - System.err - at scala.tools.nsc.ast.parser.Parsers$Parser.blockExpr(Parsers.scala:1643)
2013-04-24 00:18:28,750 ERROR [Scala Presentation Compiler [progfun-objsets]] - System.err - at scala.tools.nsc.ast.parser.Parsers$Parser.simpleExpr(Parsers.scala:1556)
2013-04-24 00:18:28,750 ERROR [Scala Presentation Compiler [progfun-objsets]] - System.err - at scala.tools.nsc.ast.parser.Parsers$Parser.prefixExpr(Parsers.scala:1518)
2013-04-24 00:18:28,750 ERROR [Scala Presentation Compiler [progfun-objsets]] - System.err - at scala.tools.nsc.ast.parser.Parsers$Parser.postfixExpr(Parsers.scala:1478)
2013-04-24 00:18:28,750 ERROR [Scala Presentation Compiler [progfun-objsets]] - System.err - at scala.tools.nsc.ast.parser.Parsers$Parser.parseOther$1(Parsers.scala:1391)
2013-04-24 00:18:28,750 ERROR [Scala Presentation Compiler [progfun-objsets]] - System.err - at scala.tools.nsc.ast.parser.Parsers$Parser.expr0(Parsers.scala:1445)
2013-04-24 00:18:28,750 ERROR [Scala Presentation Compiler [progfun-objsets]] - System.err - at scala.tools.nsc.ast.parser.Parsers$Parser.expr(Parsers.scala:1285)
2013-04-24 00:18:28,750 ERROR [Scala Presentation Compiler [progfun-objsets]] - System.err - at scala.tools.nsc.ast.parser.Parsers$Parser.expr(Parsers.scala:1280)
2013-04-24 00:18:28,750 ERROR [Scala Presentation Compiler [progfun-objsets]] - System.err - at scala.tools.nsc.ast.parser.Parsers$Parser.funDefRest(Parsers.scala:2571)
2013-04-24 00:18:28,750 ERROR [Scala Presentation Compiler [progfun-objsets]] - System.err - at scala.tools.nsc.ast.parser.Parsers$Parser.funDefOrDcl(Parsers.scala:2538)
2013-04-24 00:18:28,750 ERROR [Scala Presentation Compiler [progfun-objsets]] - System.err - at scala.tools.nsc.ast.parser.Parsers$Parser.defOrDcl(Parsers.scala:2421)
2013-04-24 00:18:28,750 ERROR [Scala Presentation Compiler [progfun-objsets]] - System.err - at scala.tools.nsc.ast.parser.Parsers$Parser.nonLocalDefOrDcl(Parsers.scala:2433)
2013-04-24 00:18:28,750 ERROR [Scala Presentation Compiler [progfun-objsets]] - System.err - at scala.tools.nsc.ast.parser.Parsers$Parser$$anonfun$templateStatSeq$1$$anonfun$apply$5.apply(Parsers.scala:2997)
2013-04-24 00:18:28,750 ERROR [Scala Presentation Compiler [progfun-objsets]] - System.err - at scala.tools.nsc.ast.parser.Parsers$Parser$$anonfun$templateStatSeq$1$$anonfun$apply$5.apply(Parsers.scala:2997)
2013-04-24 00:18:28,750 ERROR [Scala Presentation Compiler [progfun-objsets]] - System.err - at scala.tools.nsc.ast.parser.Parsers$Parser.joinComment(Parsers.scala:683)
2013-04-24 00:18:28,750 ERROR [Scala Presentation Compiler [progfun-objsets]] - System.err - at scala.tools.nsc.ast.parser.Parsers$Parser$$anonfun$templateStatSeq$1.apply(Parsers.scala:2997)
2013-04-24 00:18:28,750 ERROR [Scala Presentation Compiler [progfun-objsets]] - System.err - at scala.tools.nsc.ast.parser.Parsers$Parser$$anonfun$templateStatSeq$1.apply(Parsers.scala:2966)
2013-04-24 00:18:28,750 ERROR [Scala Presentation Compiler [progfun-objsets]] - System.err - at scala.tools.nsc.ast.parser.Parsers$Parser.checkNoEscapingPlaceholders(Parsers.scala:428)
2013-04-24 00:18:28,750 ERROR [Scala Presentation Compiler [progfun-objsets]] - System.err - at scala.tools.nsc.ast.parser.Parsers$Parser.templateStatSeq(Parsers.scala:2966)
2013-04-24 00:18:28,750 ERROR [Scala Presentation Compiler [progfun-objsets]] - System.err - at scala.tools.nsc.ast.parser.Parsers$Parser.templateBody(Parsers.scala:2846)
2013-04-24 00:18:28,750 ERROR [Scala Presentation Compiler [progfun-objsets]] - System.err - at scala.tools.nsc.ast.parser.Parsers$Parser.templateBodyOpt(Parsers.scala:2853)
2013-04-24 00:18:28,750 ERROR [Scala Presentation Compiler [progfun-objsets]] - System.err - at scala.tools.nsc.ast.parser.Parsers$Parser.template(Parsers.scala:2790)
2013-04-24 00:18:28,751 ERROR [Scala Presentation Compiler [progfun-objsets]] - System.err - at scala.tools.nsc.ast.parser.Parsers$Parser.templateOpt(Parsers.scala:2808)
2013-04-24 00:18:28,751 ERROR [Scala Presentation Compiler [progfun-objsets]] - System.err - at scala.tools.nsc.ast.parser.Parsers$Parser$$anonfun$classDef$1.apply(Parsers.scala:2709)
2013-04-24 00:18:28,751 ERROR [Scala Presentation Compiler [progfun-objsets]] - System.err - at scala.tools.nsc.ast.parser.Parsers$Parser$$anonfun$classDef$1.apply(Parsers.scala:2690)
2013-04-24 00:18:28,751 ERROR [Scala Presentation Compiler [progfun-objsets]] - System.err - at scala.tools.nsc.ast.parser.Parsers$Parser.savingClassContextBounds(Parsers.scala:290)
2013-04-24 00:18:28,751 ERROR [Scala Presentation Compiler [progfun-objsets]] - System.err - at scala.tools.nsc.ast.parser.Parsers$Parser.classDef(Parsers.scala:2690)
2013-04-24 00:18:28,751 ERROR [Scala Presentation Compiler [progfun-objsets]] - System.err - at scala.tools.nsc.ast.parser.Parsers$Parser.tmplDef(Parsers.scala:2666)
2013-04-24 00:18:28,751 ERROR [Scala Presentation Compiler [progfun-objsets]] - System.err - at scala.tools.nsc.ast.parser.Parsers$Parser.topLevelTmplDef(Parsers.scala:2651)
2013-04-24 00:18:28,751 ERROR [Scala Presentation Compiler [progfun-objsets]] - System.err - at scala.tools.nsc.ast.parser.Parsers$Parser$$anonfun$topStatSeq$2.apply(Parsers.scala:2937)
2013-04-24 00:18:28,751 ERROR [Scala Presentation Compiler [progfun-objsets]] - System.err - at scala.tools.nsc.ast.parser.Parsers$Parser$$anonfun$topStatSeq$2.apply(Parsers.scala:2937)
2013-04-24 00:18:28,751 ERROR [Scala Presentation Compiler [progfun-objsets]] - System.err - at scala.tools.nsc.ast.parser.Parsers$Parser.joinComment(Parsers.scala:683)
2013-04-24 00:18:28,751 ERROR [Scala Presentation Compiler [progfun-objsets]] - System.err - at scala.tools.nsc.ast.parser.Parsers$Parser.topStatSeq(Parsers.scala:2937)
2013-04-24 00:18:28,751 ERROR [Scala Presentation Compiler [progfun-objsets]] - System.err - at scala.tools.nsc.ast.parser.Parsers$Parser$$anonfun$compilationUnit$1.topstats$1(Parsers.scala:3132)
2013-04-24 00:18:28,751 ERROR [Scala Presentation Compiler [progfun-objsets]] - System.err - at scala.tools.nsc.ast.parser.Parsers$Parser$$anonfun$compilationUnit$1.topstats$1(Parsers.scala:3124)
2013-04-24 00:18:28,751 ERROR [Scala Presentation Compiler [progfun-objsets]] - System.err - at scala.tools.nsc.ast.parser.Parsers$Parser$$anonfun$compilationUnit$1.apply(Parsers.scala:3138)
2013-04-24 00:18:28,751 ERROR [Scala Presentation Compiler [progfun-objsets]] - System.err - at scala.tools.nsc.ast.parser.Parsers$Parser$$anonfun$compilationUnit$1.apply(Parsers.scala:3102)
2013-04-24 00:18:28,751 ERROR [Scala Presentation Compiler [progfun-objsets]] - System.err - at scala.tools.nsc.ast.parser.Parsers$Parser.checkNoEscapingPlaceholders(Parsers.scala:428)
2013-04-24 00:18:28,751 ERROR [Scala Presentation Compiler [progfun-objsets]] - System.err - at scala.tools.nsc.ast.parser.Parsers$Parser.compilationUnit(Parsers.scala:3102)
2013-04-24 00:18:28,751 ERROR [Scala Presentation Compiler [progfun-objsets]] - System.err - at scala.tools.nsc.ast.parser.Parsers$SourceFileParser$$anonfun$parseStartRule$1.apply(Parsers.scala:141)
2013-04-24 00:18:28,751 ERROR [Scala Presentation Compiler [progfun-objsets]] - System.err - at scala.tools.nsc.ast.parser.Parsers$SourceFileParser$$anonfun$parseStartRule$1.apply(Parsers.scala:141)
2013-04-24 00:18:28,751 ERROR [Scala Presentation Compiler [progfun-objsets]] - System.err - at scala.tools.nsc.ast.parser.Parsers$Parser.parse(Parsers.scala:313)
2013-04-24 00:18:28,751 ERROR [Scala Presentation Compiler [progfun-objsets]] - System.err - at scala.tools.nsc.ast.parser.Parsers$UnitParser.smartParse(Parsers.scala:242)
2013-04-24 00:18:28,751 ERROR [Scala Presentation Compiler [progfun-objsets]] - System.err - at scala.tools.nsc.ast.parser.SyntaxAnalyzer$ParserPhase.apply(SyntaxAnalyzer.scala:29)
2013-04-24 00:18:28,752 ERROR [Scala Presentation Compiler [progfun-objsets]] - System.err - at scala.tools.nsc.Global$GlobalPhase.applyPhase(Global.scala:463)
2013-04-24 00:18:28,752 ERROR [Scala Presentation Compiler [progfun-objsets]] - System.err - at scala.tools.nsc.Global$Run$$anonfun$compileLate$2$$anonfun$apply$1.apply(Global.scala:1682)
2013-04-24 00:18:28,752 ERROR [Scala Presentation Compiler [progfun-objsets]] - System.err - at scala.tools.nsc.Global$Run$$anonfun$compileLate$2$$anonfun$apply$1.apply(Global.scala:1682)
2013-04-24 00:18:28,752 ERROR [Scala Presentation Compiler [progfun-objsets]] - System.err - at scala.reflect.internal.SymbolTable.atPhase(SymbolTable.scala:207)
2013-04-24 00:18:28,752 ERROR [Scala Presentation Compiler [progfun-objsets]] - System.err - at scala.tools.nsc.Global$Run$$anonfun$compileLate$2.apply(Global.scala:1682)
2013-04-24 00:18:28,752 ERROR [Scala Presentation Compiler [progfun-objsets]] - System.err - at scala.tools.nsc.Global$Run$$anonfun$compileLate$2.apply(Global.scala:1681)
2013-04-24 00:18:28,752 ERROR [Scala Presentation Compiler [progfun-objsets]] - System.err - at scala.collection.Iterator$class.foreach(Iterator.scala:727)
2013-04-24 00:18:28,752 ERROR [Scala Presentation Compiler [progfun-objsets]] - System.err - at scala.collection.AbstractIterator.foreach(Iterator.scala:1157)
2013-04-24 00:18:28,752 ERROR [Scala Presentation Compiler [progfun-objsets]] - System.err - at scala.tools.nsc.Global$Run.compileLate(Global.scala:1681)
2013-04-24 00:18:28,752 ERROR [Scala Presentation Compiler [progfun-objsets]] - System.err - at scala.tools.nsc.interactive.Global.scala$tools$nsc$interactive$Global$$parseAndEnter(Global.scala:574)
2013-04-24 00:18:28,752 ERROR [Scala Presentation Compiler [progfun-objsets]] - System.err - at scala.tools.nsc.interactive.Global.backgroundCompile(Global.scala:481)
2013-04-24 00:18:28,752 ERROR [Scala Presentation Compiler [progfun-objsets]] - System.err - at scala.tools.nsc.interactive.PresentationCompilerThread.run(PresentationCompilerThread.scala:25)
2013-04-24 00:18:28,755 ERROR [Scala Presentation Compiler [progfun-objsets]] - System.err - java.lang.UnsupportedOperationException: Position.point on class scala.reflect.internal.util.NoPosition$
2013-04-24 00:18:28,755 ERROR [Scala Presentation Compiler [progfun-objsets]] - System.err - at scala.reflect.internal.util.Position.point(Position.scala:120)
2013-04-24 00:18:28,755 ERROR [Scala Presentation Compiler [progfun-objsets]] - System.err - at scala.reflect.internal.util.Position.endOrPoint(Position.scala:129)
2013-04-24 00:18:28,756 ERROR [Scala Presentation Compiler [progfun-objsets]] - System.err - at scala.tools.nsc.ast.parser.TreeBuilder.makeWhile(TreeBuilder.scala:255)
2013-04-24 00:18:28,756 ERROR [Scala Presentation Compiler [progfun-objsets]] - System.err - at scala.tools.nsc.ast.parser.Parsers$Parser.parseWhile$1(Parsers.scala:1339)
2013-04-24 00:18:28,756 ERROR [Scala Presentation Compiler [progfun-objsets]] - System.err - at scala.tools.nsc.ast.parser.Parsers$Parser.expr0(Parsers.scala:1342)
2013-04-24 00:18:28,756 ERROR [Scala Presentation Compiler [progfun-objsets]] - System.err - at scala.tools.nsc.ast.parser.Parsers$Parser.expr(Parsers.scala:1285)
2013-04-24 00:18:28,756 ERROR [Scala Presentation Compiler [progfun-objsets]] - System.err - at scala.tools.nsc.ast.parser.Parsers$Parser.statement(Parsers.scala:1255)
2013-04-24 00:18:28,756 ERROR [Scala Presentation Compiler [progfun-objsets]] - System.err - at scala.tools.nsc.ast.parser.Parsers$Parser$$anonfun$blockStatSeq$1.apply(Parsers.scala:3074)
2013-04-24 00:18:28,756 ERROR [Scala Presentation Compiler [progfun-objsets]] - System.err - at scala.tools.nsc.ast.parser.Parsers$Parser$$anonfun$blockStatSeq$1.apply(Parsers.scala:3066)
2013-04-24 00:18:28,756 ERROR [Scala Presentation Compiler [progfun-objsets]] - System.err - at scala.tools.nsc.ast.parser.Parsers$Parser.checkNoEscapingPlaceholders(Parsers.scala:428)
2013-04-24 00:18:28,756 ERROR [Scala Presentation Compiler [progfun-objsets]] - System.err - at scala.tools.nsc.ast.parser.Parsers$Parser.blockStatSeq(Parsers.scala:3066)
2013-04-24 00:18:28,756 ERROR [Scala Presentation Compiler [progfun-objsets]] - System.err - at scala.tools.nsc.ast.parser.Parsers$Parser.block(Parsers.scala:1654)
2013-04-24 00:18:28,756 ERROR [Scala Presentation Compiler [progfun-objsets]] - System.err - at scala.tools.nsc.ast.parser.Parsers$Parser.blockExpr(Parsers.scala:1643)
2013-04-24 00:18:28,756 ERROR [Scala Presentation Compiler [progfun-objsets]] - System.err - at scala.tools.nsc.ast.parser.Parsers$Parser.simpleExpr(Parsers.scala:1556)
2013-04-24 00:18:28,756 ERROR [Scala Presentation Compiler [progfun-objsets]] - System.err - at scala.tools.nsc.ast.parser.Parsers$Parser.prefixExpr(Parsers.scala:1518)
2013-04-24 00:18:28,756 ERROR [Scala Presentation Compiler [progfun-objsets]] - System.err - at scala.tools.nsc.ast.parser.Parsers$Parser.postfixExpr(Parsers.scala:1478)
2013-04-24 00:18:28,756 ERROR [Scala Presentation Compiler [progfun-objsets]] - System.err - at scala.tools.nsc.ast.parser.Parsers$Parser.parseOther$1(Parsers.scala:1391)
2013-04-24 00:18:28,756 ERROR [Scala Presentation Compiler [progfun-objsets]] - System.err - at scala.tools.nsc.ast.parser.Parsers$Parser.expr0(Parsers.scala:1445)
2013-04-24 00:18:28,757 ERROR [Scala Presentation Compiler [progfun-objsets]] - System.err - at scala.tools.nsc.ast.parser.Parsers$Parser.expr(Parsers.scala:1285)
2013-04-24 00:18:28,757 ERROR [Scala Presentation Compiler [progfun-objsets]] - System.err - at scala.tools.nsc.ast.parser.Parsers$Parser.expr(Parsers.scala:1280)
2013-04-24 00:18:28,757 ERROR [Scala Presentation Compiler [progfun-objsets]] - System.err - at scala.tools.nsc.ast.parser.Parsers$Parser.funDefRest(Parsers.scala:2571)
2013-04-24 00:18:28,757 ERROR [Scala Presentation Compiler [progfun-objsets]] - System.err - at scala.tools.nsc.ast.parser.Parsers$Parser.funDefOrDcl(Parsers.scala:2538)
2013-04-24 00:18:28,757 ERROR [Scala Presentation Compiler [progfun-objsets]] - System.err - at scala.tools.nsc.ast.parser.Parsers$Parser.defOrDcl(Parsers.scala:2421)
2013-04-24 00:18:28,757 ERROR [Scala Presentation Compiler [progfun-objsets]] - System.err - at scala.tools.nsc.ast.parser.Parsers$Parser.nonLocalDefOrDcl(Parsers.scala:2433)
2013-04-24 00:18:28,757 ERROR [Scala Presentation Compiler [progfun-objsets]] - System.err - at scala.tools.nsc.ast.parser.Parsers$Parser$$anonfun$templateStatSeq$1$$anonfun$apply$5.apply(Parsers.scala:2997)
2013-04-24 00:18:28,757 ERROR [Scala Presentation Compiler [progfun-objsets]] - System.err - at scala.tools.nsc.ast.parser.Parsers$Parser$$anonfun$templateStatSeq$1$$anonfun$apply$5.apply(Parsers.scala:2997)
2013-04-24 00:18:28,757 ERROR [Scala Presentation Compiler [progfun-objsets]] - System.err - at scala.tools.nsc.ast.parser.Parsers$Parser.joinComment(Parsers.scala:683)
2013-04-24 00:18:28,757 ERROR [Scala Presentation Compiler [progfun-objsets]] - System.err - at scala.tools.nsc.ast.parser.Parsers$Parser$$anonfun$templateStatSeq$1.apply(Parsers.scala:2997)
2013-04-24 00:18:28,757 ERROR [Scala Presentation Compiler [progfun-objsets]] - System.err - at scala.tools.nsc.ast.parser.Parsers$Parser$$anonfun$templateStatSeq$1.apply(Parsers.scala:2966)
2013-04-24 00:18:28,757 ERROR [Scala Presentation Compiler [progfun-objsets]] - System.err - at scala.tools.nsc.ast.parser.Parsers$Parser.checkNoEscapingPlaceholders(Parsers.scala:428)
2013-04-24 00:18:28,757 ERROR [Scala Presentation Compiler [progfun-objsets]] - System.err - at scala.tools.nsc.ast.parser.Parsers$Parser.templateStatSeq(Parsers.scala:2966)
2013-04-24 00:18:28,757 ERROR [Scala Presentation Compiler [progfun-objsets]] - System.err - at scala.tools.nsc.ast.parser.Parsers$Parser.templateBody(Parsers.scala:2846)
2013-04-24 00:18:28,757 ERROR [Scala Presentation Compiler [progfun-objsets]] - System.err - at scala.tools.nsc.ast.parser.Parsers$Parser.templateBodyOpt(Parsers.scala:2853)
2013-04-24 00:18:28,757 ERROR [Scala Presentation Compiler [progfun-objsets]] - System.err - at scala.tools.nsc.ast.parser.Parsers$Parser.template(Parsers.scala:2790)
2013-04-24 00:18:28,757 ERROR [Scala Presentation Compiler [progfun-objsets]] - System.err - at scala.tools.nsc.ast.parser.Parsers$Parser.templateOpt(Parsers.scala:2808)
2013-04-24 00:18:28,757 ERROR [Scala Presentation Compiler [progfun-objsets]] - System.err - at scala.tools.nsc.ast.parser.Parsers$Parser$$anonfun$classDef$1.apply(Parsers.scala:2709)
2013-04-24 00:18:28,757 ERROR [Scala Presentation Compiler [progfun-objsets]] - System.err - at scala.tools.nsc.ast.parser.Parsers$Parser$$anonfun$classDef$1.apply(Parsers.scala:2690)
2013-04-24 00:18:28,758 ERROR [Scala Presentation Compiler [progfun-objsets]] - System.err - at scala.tools.nsc.ast.parser.Parsers$Parser.savingClassContextBounds(Parsers.scala:290)
2013-04-24 00:18:28,758 ERROR [Scala Presentation Compiler [progfun-objsets]] - System.err - at scala.tools.nsc.ast.parser.Parsers$Parser.classDef(Parsers.scala:2690)
2013-04-24 00:18:28,758 ERROR [Scala Presentation Compiler [progfun-objsets]] - System.err - at scala.tools.nsc.ast.parser.Parsers$Parser.tmplDef(Parsers.scala:2666)
2013-04-24 00:18:28,758 ERROR [Scala Presentation Compiler [progfun-objsets]] - System.err - at scala.tools.nsc.ast.parser.Parsers$Parser.topLevelTmplDef(Parsers.scala:2651)
2013-04-24 00:18:28,758 ERROR [Scala Presentation Compiler [progfun-objsets]] - System.err - at scala.tools.nsc.ast.parser.Parsers$Parser$$anonfun$topStatSeq$2.apply(Parsers.scala:2937)
2013-04-24 00:18:28,758 ERROR [Scala Presentation Compiler [progfun-objsets]] - System.err - at scala.tools.nsc.ast.parser.Parsers$Parser$$anonfun$topStatSeq$2.apply(Parsers.scala:2937)
2013-04-24 00:18:28,758 ERROR [Scala Presentation Compiler [progfun-objsets]] - System.err - at scala.tools.nsc.ast.parser.Parsers$Parser.joinComment(Parsers.scala:683)
2013-04-24 00:18:28,758 ERROR [Scala Presentation Compiler [progfun-objsets]] - System.err - at scala.tools.nsc.ast.parser.Parsers$Parser.topStatSeq(Parsers.scala:2937)
2013-04-24 00:18:28,758 ERROR [Scala Presentation Compiler [progfun-objsets]] - System.err - at scala.tools.nsc.ast.parser.Parsers$Parser$$anonfun$compilationUnit$1.topstats$1(Parsers.scala:3132)
2013-04-24 00:18:28,758 ERROR [Scala Presentation Compiler [progfun-objsets]] - System.err - at scala.tools.nsc.ast.parser.Parsers$Parser$$anonfun$compilationUnit$1.topstats$1(Parsers.scala:3124)
2013-04-24 00:18:28,758 ERROR [Scala Presentation Compiler [progfun-objsets]] - System.err - at scala.tools.nsc.ast.parser.Parsers$Parser$$anonfun$compilationUnit$1.apply(Parsers.scala:3138)
2013-04-24 00:18:28,758 ERROR [Scala Presentation Compiler [progfun-objsets]] - System.err - at scala.tools.nsc.ast.parser.Parsers$Parser$$anonfun$compilationUnit$1.apply(Parsers.scala:3102)
2013-04-24 00:18:28,758 ERROR [Scala Presentation Compiler [progfun-objsets]] - System.err - at scala.tools.nsc.ast.parser.Parsers$Parser.checkNoEscapingPlaceholders(Parsers.scala:428)
2013-04-24 00:18:28,758 ERROR [Scala Presentation Compiler [progfun-objsets]] - System.err - at scala.tools.nsc.ast.parser.Parsers$Parser.compilationUnit(Parsers.scala:3102)
2013-04-24 00:18:28,758 ERROR [Scala Presentation Compiler [progfun-objsets]] - System.err - at scala.tools.nsc.ast.parser.Parsers$SourceFileParser$$anonfun$parseStartRule$1.apply(Parsers.scala:141)
2013-04-24 00:18:28,758 ERROR [Scala Presentation Compiler [progfun-objsets]] - System.err - at scala.tools.nsc.ast.parser.Parsers$SourceFileParser$$anonfun$parseStartRule$1.apply(Parsers.scala:141)
2013-04-24 00:18:28,758 ERROR [Scala Presentation Compiler [progfun-objsets]] - System.err - at scala.tools.nsc.ast.parser.Parsers$Parser.parse(Parsers.scala:313)
2013-04-24 00:18:28,759 ERROR [Scala Presentation Compiler [progfun-objsets]] - System.err - at scala.tools.nsc.ast.parser.Parsers$UnitParser.smartParse(Parsers.scala:242)
2013-04-24 00:18:28,759 ERROR [Scala Presentation Compiler [progfun-objsets]] - System.err - at scala.tools.nsc.ast.parser.SyntaxAnalyzer$ParserPhase.apply(SyntaxAnalyzer.scala:29)
2013-04-24 00:18:28,759 ERROR [Scala Presentation Compiler [progfun-objsets]] - System.err - at scala.tools.nsc.Global$GlobalPhase.applyPhase(Global.scala:463)
2013-04-24 00:18:28,759 ERROR [Scala Presentation Compiler [progfun-objsets]] - System.err - at scala.tools.nsc.Global$Run$$anonfun$compileLate$2$$anonfun$apply$1.apply(Global.scala:1682)
2013-04-24 00:18:28,759 ERROR [Scala Presentation Compiler [progfun-objsets]] - System.err - at scala.tools.nsc.Global$Run$$anonfun$compileLate$2$$anonfun$apply$1.apply(Global.scala:1682)
2013-04-24 00:18:28,759 ERROR [Scala Presentation Compiler [progfun-objsets]] - System.err - at scala.reflect.internal.SymbolTable.atPhase(SymbolTable.scala:207)
2013-04-24 00:18:28,759 ERROR [Scala Presentation Compiler [progfun-objsets]] - System.err - at scala.tools.nsc.Global$Run$$anonfun$compileLate$2.apply(Global.scala:1682)
2013-04-24 00:18:28,759 ERROR [Scala Presentation Compiler [progfun-objsets]] - System.err - at scala.tools.nsc.Global$Run$$anonfun$compileLate$2.apply(Global.scala:1681)
2013-04-24 00:18:28,759 ERROR [Scala Presentation Compiler [progfun-objsets]] - System.err - at scala.collection.Iterator$class.foreach(Iterator.scala:727)
2013-04-24 00:18:28,759 ERROR [Scala Presentation Compiler [progfun-objsets]] - System.err - at scala.collection.AbstractIterator.foreach(Iterator.scala:1157)
2013-04-24 00:18:28,759 ERROR [Scala Presentation Compiler [progfun-objsets]] - System.err - at scala.tools.nsc.Global$Run.compileLate(Global.scala:1681)
2013-04-24 00:18:28,759 ERROR [Scala Presentation Compiler [progfun-objsets]] - System.err - at scala.tools.nsc.interactive.Global.scala$tools$nsc$interactive$Global$$parseAndEnter(Global.scala:574)
2013-04-24 00:18:28,759 ERROR [Scala Presentation Compiler [progfun-objsets]] - System.err - at scala.tools.nsc.interactive.Global.backgroundCompile(Global.scala:481)
2013-04-24 00:18:28,759 ERROR [Scala Presentation Compiler [progfun-objsets]] - System.err - at scala.tools.nsc.interactive.PresentationCompilerThread.run(PresentationCompilerThread.scala:25)
2013-04-24 00:18:28,760 ERROR [org.eclipse.jdt.internal.ui.text.JavaReconciler] - ImplicitHighlightingPresenter - scala.tools.nsc.interactive.MissingResponse: response missing
2013-04-24 00:18:28,769 ERROR [Scala Presentation Compiler [progfun-objsets]] - System.err - java.lang.UnsupportedOperationException: Position.point on class scala.reflect.internal.util.NoPosition$
2013-04-24 00:18:28,769 ERROR [Scala Presentation Compiler [progfun-objsets]] - System.err - at scala.reflect.internal.util.Position.point(Position.scala:120)
2013-04-24 00:18:28,769 ERROR [Scala Presentation Compiler [progfun-objsets]] - System.err - at scala.reflect.internal.util.Position.endOrPoint(Position.scala:129)
2013-04-24 00:18:28,769 ERROR [Scala Presentation Compiler [progfun-objsets]] - System.err - at scala.tools.nsc.ast.parser.TreeBuilder.makeWhile(TreeBuilder.scala:255)
2013-04-24 00:18:28,769 ERROR [Scala Presentation Compiler [progfun-objsets]] - System.err - at scala.tools.nsc.ast.parser.Parsers$Parser.parseWhile$1(Parsers.scala:1339)
2013-04-24 00:18:28,769 ERROR [Scala Presentation Compiler [progfun-objsets]] - System.err - at scala.tools.nsc.ast.parser.Parsers$Parser.expr0(Parsers.scala:1342)
2013-04-24 00:18:28,770 ERROR [Scala Presentation Compiler [progfun-objsets]] - System.err - at scala.tools.nsc.ast.parser.Parsers$Parser.expr(Parsers.scala:1285)
2013-04-24 00:18:28,770 ERROR [Scala Presentation Compiler [progfun-objsets]] - System.err - at scala.tools.nsc.ast.parser.Parsers$Parser.statement(Parsers.scala:1255)
2013-04-24 00:18:28,770 ERROR [Scala Presentation Compiler [progfun-objsets]] - System.err - at scala.tools.nsc.ast.parser.Parsers$Parser$$anonfun$blockStatSeq$1.apply(Parsers.scala:3074)
2013-04-24 00:18:28,770 ERROR [Scala Presentation Compiler [progfun-objsets]] - System.err - at scala.tools.nsc.ast.parser.Parsers$Parser$$anonfun$blockStatSeq$1.apply(Parsers.scala:3066)
2013-04-24 00:18:28,770 ERROR [Scala Presentation Compiler [progfun-objsets]] - System.err - at scala.tools.nsc.ast.parser.Parsers$Parser.checkNoEscapingPlaceholders(Parsers.scala:428)
2013-04-24 00:18:28,770 ERROR [Scala Presentation Compiler [progfun-objsets]] - System.err - at scala.tools.nsc.ast.parser.Parsers$Parser.blockStatSeq(Parsers.scala:3066)
2013-04-24 00:18:28,770 ERROR [Scala Presentation Compiler [progfun-objsets]] - System.err - at scala.tools.nsc.ast.parser.Parsers$Parser.block(Parsers.scala:1654)
2013-04-24 00:18:28,770 ERROR [Scala Presentation Compiler [progfun-objsets]] - System.err - at scala.tools.nsc.ast.parser.Parsers$Parser.blockExpr(Parsers.scala:1643)
2013-04-24 00:18:28,770 ERROR [Scala Presentation Compiler [progfun-objsets]] - System.err - at scala.tools.nsc.ast.parser.Parsers$Parser.simpleExpr(Parsers.scala:1556)
2013-04-24 00:18:28,770 ERROR [Scala Presentation Compiler [progfun-objsets]] - System.err - at scala.tools.nsc.ast.parser.Parsers$Parser.prefixExpr(Parsers.scala:1518)
2013-04-24 00:18:28,770 ERROR [Scala Presentation Compiler [progfun-objsets]] - System.err - at scala.tools.nsc.ast.parser.Parsers$Parser.postfixExpr(Parsers.scala:1478)
2013-04-24 00:18:28,770 ERROR [Scala Presentation Compiler [progfun-objsets]] - System.err - at scala.tools.nsc.ast.parser.Parsers$Parser.parseOther$1(Parsers.scala:1391)
2013-04-24 00:18:28,770 ERROR [Scala Presentation Compiler [progfun-objsets]] - System.err - at scala.tools.nsc.ast.parser.Parsers$Parser.expr0(Parsers.scala:1445)
2013-04-24 00:18:28,770 ERROR [Scala Presentation Compiler [progfun-objsets]] - System.err - at scala.tools.nsc.ast.parser.Parsers$Parser.expr(Parsers.scala:1285)
2013-04-24 00:18:28,770 ERROR [Scala Presentation Compiler [progfun-objsets]] - System.err - at scala.tools.nsc.ast.parser.Parsers$Parser.expr(Parsers.scala:1280)
2013-04-24 00:18:28,770 ERROR [Scala Presentation Compiler [progfun-objsets]] - System.err - at scala.tools.nsc.ast.parser.Parsers$Parser.funDefRest(Parsers.scala:2571)
2013-04-24 00:18:28,771 ERROR [Scala Presentation Compiler [progfun-objsets]] - System.err - at scala.tools.nsc.ast.parser.Parsers$Parser.funDefOrDcl(Parsers.scala:2538)
2013-04-24 00:18:28,771 ERROR [Scala Presentation Compiler [progfun-objsets]] - System.err - at scala.tools.nsc.ast.parser.Parsers$Parser.defOrDcl(Parsers.scala:2421)
2013-04-24 00:18:28,771 ERROR [Scala Presentation Compiler [progfun-objsets]] - System.err - at scala.tools.nsc.ast.parser.Parsers$Parser.nonLocalDefOrDcl(Parsers.scala:2433)
2013-04-24 00:18:28,771 ERROR [Scala Presentation Compiler [progfun-objsets]] - System.err - at scala.tools.nsc.ast.parser.Parsers$Parser$$anonfun$templateStatSeq$1$$anonfun$apply$5.apply(Parsers.scala:2997)
2013-04-24 00:18:28,771 ERROR [Scala Presentation Compiler [progfun-objsets]] - System.err - at scala.tools.nsc.ast.parser.Parsers$Parser$$anonfun$templateStatSeq$1$$anonfun$apply$5.apply(Parsers.scala:2997)
2013-04-24 00:18:28,771 ERROR [Scala Presentation Compiler [progfun-objsets]] - System.err - at scala.tools.nsc.ast.parser.Parsers$Parser.joinComment(Parsers.scala:683)
2013-04-24 00:18:28,771 ERROR [Scala Presentation Compiler [progfun-objsets]] - System.err - at scala.tools.nsc.ast.parser.Parsers$Parser$$anonfun$templateStatSeq$1.apply(Parsers.scala:2997)
2013-04-24 00:18:28,771 ERROR [Scala Presentation Compiler [progfun-objsets]] - System.err - at scala.tools.nsc.ast.parser.Parsers$Parser$$anonfun$templateStatSeq$1.apply(Parsers.scala:2966)
2013-04-24 00:18:28,771 ERROR [Scala Presentation Compiler [progfun-objsets]] - System.err - at scala.tools.nsc.ast.parser.Parsers$Parser.checkNoEscapingPlaceholders(Parsers.scala:428)
2013-04-24 00:18:28,771 ERROR [Scala Presentation Compiler [progfun-objsets]] - System.err - at scala.tools.nsc.ast.parser.Parsers$Parser.templateStatSeq(Parsers.scala:2966)
2013-04-24 00:18:28,771 ERROR [Scala Presentation Compiler [progfun-objsets]] - System.err - at scala.tools.nsc.ast.parser.Parsers$Parser.templateBody(Parsers.scala:2846)
2013-04-24 00:18:28,771 ERROR [Scala Presentation Compiler [progfun-objsets]] - System.err - at scala.tools.nsc.ast.parser.Parsers$Parser.templateBodyOpt(Parsers.scala:2853)
2013-04-24 00:18:28,771 ERROR [Scala Presentation Compiler [progfun-objsets]] - System.err - at scala.tools.nsc.ast.parser.Parsers$Parser.template(Parsers.scala:2790)
2013-04-24 00:18:28,771 ERROR [Scala Presentation Compiler [progfun-objsets]] - System.err - at scala.tools.nsc.ast.parser.Parsers$Parser.templateOpt(Parsers.scala:2808)
2013-04-24 00:18:28,771 ERROR [Scala Presentation Compiler [progfun-objsets]] - System.err - at scala.tools.nsc.ast.parser.Parsers$Parser$$anonfun$classDef$1.apply(Parsers.scala:2709)
2013-04-24 00:18:28,771 ERROR [Scala Presentation Compiler [progfun-objsets]] - System.err - at scala.tools.nsc.ast.parser.Parsers$Parser$$anonfun$classDef$1.apply(Parsers.scala:2690)
2013-04-24 00:18:28,771 ERROR [Scala Presentation Compiler [progfun-objsets]] - System.err - at scala.tools.nsc.ast.parser.Parsers$Parser.savingClassContextBounds(Parsers.scala:290)
2013-04-24 00:18:28,771 ERROR [Scala Presentation Compiler [progfun-objsets]] - System.err - at scala.tools.nsc.ast.parser.Parsers$Parser.classDef(Parsers.scala:2690)
2013-04-24 00:18:28,771 ERROR [Scala Presentation Compiler [progfun-objsets]] - System.err - at scala.tools.nsc.ast.parser.Parsers$Parser.tmplDef(Parsers.scala:2666)
2013-04-24 00:18:28,771 ERROR [Scala Presentation Compiler [progfun-objsets]] - System.err - at scala.tools.nsc.ast.parser.Parsers$Parser.topLevelTmplDef(Parsers.scala:2651)
2013-04-24 00:18:28,772 ERROR [Scala Presentation Compiler [progfun-objsets]] - System.err - at scala.tools.nsc.ast.parser.Parsers$Parser$$anonfun$topStatSeq$2.apply(Parsers.scala:2937)
2013-04-24 00:18:28,772 ERROR [Scala Presentation Compiler [progfun-objsets]] - System.err - at scala.tools.nsc.ast.parser.Parsers$Parser$$anonfun$topStatSeq$2.apply(Parsers.scala:2937)
2013-04-24 00:18:28,772 ERROR [Scala Presentation Compiler [progfun-objsets]] - System.err - at scala.tools.nsc.ast.parser.Parsers$Parser.joinComment(Parsers.scala:683)
2013-04-24 00:18:28,772 ERROR [Scala Presentation Compiler [progfun-objsets]] - System.err - at scala.tools.nsc.ast.parser.Parsers$Parser.topStatSeq(Parsers.scala:2937)
2013-04-24 00:18:28,772 ERROR [Scala Presentation Compiler [progfun-objsets]] - System.err - at scala.tools.nsc.ast.parser.Parsers$Parser$$anonfun$compilationUnit$1.topstats$1(Parsers.scala:3132)
2013-04-24 00:18:28,772 ERROR [Scala Presentation Compiler [progfun-objsets]] - System.err - at scala.tools.nsc.ast.parser.Parsers$Parser$$anonfun$compilationUnit$1.topstats$1(Parsers.scala:3124)
2013-04-24 00:18:28,772 ERROR [Scala Presentation Compiler [progfun-objsets]] - System.err - at scala.tools.nsc.ast.parser.Parsers$Parser$$anonfun$compilationUnit$1.apply(Parsers.scala:3138)
2013-04-24 00:18:28,772 ERROR [Scala Presentation Compiler [progfun-objsets]] - System.err - at scala.tools.nsc.ast.parser.Parsers$Parser$$anonfun$compilationUnit$1.apply(Parsers.scala:3102)
2013-04-24 00:18:28,772 ERROR [Scala Presentation Compiler [progfun-objsets]] - System.err - at scala.tools.nsc.ast.parser.Parsers$Parser.checkNoEscapingPlaceholders(Parsers.scala:428)
2013-04-24 00:18:28,772 ERROR [Scala Presentation Compiler [progfun-objsets]] - System.err - at scala.tools.nsc.ast.parser.Parsers$Parser.compilationUnit(Parsers.scala:3102)
2013-04-24 00:18:28,772 ERROR [Scala Presentation Compiler [progfun-objsets]] - System.err - at scala.tools.nsc.ast.parser.Parsers$SourceFileParser$$anonfun$parseStartRule$1.apply(Parsers.scala:141)
2013-04-24 00:18:28,772 ERROR [Scala Presentation Compiler [progfun-objsets]] - System.err - at scala.tools.nsc.ast.parser.Parsers$SourceFileParser$$anonfun$parseStartRule$1.apply(Parsers.scala:141)
2013-04-24 00:18:28,772 ERROR [Scala Presentation Compiler [progfun-objsets]] - System.err - at scala.tools.nsc.ast.parser.Parsers$Parser.parse(Parsers.scala:313)
2013-04-24 00:18:28,772 ERROR [Scala Presentation Compiler [progfun-objsets]] - System.err - at scala.tools.nsc.ast.parser.Parsers$UnitParser.smartParse(Parsers.scala:242)
2013-04-24 00:18:28,772 ERROR [Scala Presentation Compiler [progfun-objsets]] - System.err - at scala.tools.nsc.ast.parser.SyntaxAnalyzer$ParserPhase.apply(SyntaxAnalyzer.scala:29)
2013-04-24 00:18:28,772 ERROR [Scala Presentation Compiler [progfun-objsets]] - System.err - at scala.tools.nsc.Global$GlobalPhase.applyPhase(Global.scala:463)
2013-04-24 00:18:28,773 ERROR [Scala Presentation Compiler [progfun-objsets]] - System.err - at scala.tools.nsc.Global$Run$$anonfun$compileLate$2$$anonfun$apply$1.apply(Global.scala:1682)
2013-04-24 00:18:28,773 ERROR [Scala Presentation Compiler [progfun-objsets]] - System.err - at scala.tools.nsc.Global$Run$$anonfun$compileLate$2$$anonfun$apply$1.apply(Global.scala:1682)
2013-04-24 00:18:28,773 ERROR [Scala Presentation Compiler [progfun-objsets]] - System.err - at scala.reflect.internal.SymbolTable.atPhase(SymbolTable.scala:207)
2013-04-24 00:18:28,773 ERROR [Scala Presentation Compiler [progfun-objsets]] - System.err - at scala.tools.nsc.Global$Run$$anonfun$compileLate$2.apply(Global.scala:1682)
2013-04-24 00:18:28,773 ERROR [Scala Presentation Compiler [progfun-objsets]] - System.err - at scala.tools.nsc.Global$Run$$anonfun$compileLate$2.apply(Global.scala:1681)
2013-04-24 00:18:28,773 ERROR [Scala Presentation Compiler [progfun-objsets]] - System.err - at scala.collection.Iterator$class.foreach(Iterator.scala:727)
2013-04-24 00:18:28,773 ERROR [Scala Presentation Compiler [progfun-objsets]] - System.err - at scala.collection.AbstractIterator.foreach(Iterator.scala:1157)
2013-04-24 00:18:28,773 ERROR [Scala Presentation Compiler [progfun-objsets]] - System.err - at scala.tools.nsc.Global$Run.compileLate(Global.scala:1681)
2013-04-24 00:18:28,773 ERROR [Scala Presentation Compiler [progfun-objsets]] - System.err - at scala.tools.nsc.interactive.Global.scala$tools$nsc$interactive$Global$$parseAndEnter(Global.scala:574)
2013-04-24 00:18:28,773 ERROR [Scala Presentation Compiler [progfun-objsets]] - System.err - at scala.tools.nsc.interactive.Global.backgroundCompile(Global.scala:481)
2013-04-24 00:18:28,773 ERROR [Scala Presentation Compiler [progfun-objsets]] - System.err - at scala.tools.nsc.interactive.PresentationCompilerThread.run(PresentationCompilerThread.scala:25)
2013-04-24 00:18:29,025 ERROR [Scala Presentation Compiler [progfun-objsets]] - System.err - java.lang.UnsupportedOperationException: Position.point on class scala.reflect.internal.util.NoPosition$
2013-04-24 00:18:29,026 ERROR [Scala Presentation Compiler [progfun-objsets]] - System.err - at scala.reflect.internal.util.Position.point(Position.scala:120)
2013-04-24 00:18:29,026 ERROR [Scala Presentation Compiler [progfun-objsets]] - System.err - at scala.reflect.internal.util.Position.endOrPoint(Position.scala:129)
2013-04-24 00:18:29,026 ERROR [Scala Presentation Compiler [progfun-objsets]] - System.err - at scala.tools.nsc.ast.parser.TreeBuilder.makeWhile(TreeBuilder.scala:255)
2013-04-24 00:18:29,026 ERROR [Scala Presentation Compiler [progfun-objsets]] - System.err - at scala.tools.nsc.ast.parser.Parsers$Parser.parseWhile$1(Parsers.scala:1339)
2013-04-24 00:18:29,026 ERROR [Scala Presentation Compiler [progfun-objsets]] - System.err - at scala.tools.nsc.ast.parser.Parsers$Parser.expr0(Parsers.scala:1342)
2013-04-24 00:18:29,026 ERROR [Scala Presentation Compiler [progfun-objsets]] - System.err - at scala.tools.nsc.ast.parser.Parsers$Parser.expr(Parsers.scala:1285)
2013-04-24 00:18:29,026 ERROR [Scala Presentation Compiler [progfun-objsets]] - System.err - at scala.tools.nsc.ast.parser.Parsers$Parser.statement(Parsers.scala:1255)
2013-04-24 00:18:29,026 ERROR [Scala Presentation Compiler [progfun-objsets]] - System.err - at scala.tools.nsc.ast.parser.Parsers$Parser$$anonfun$blockStatSeq$1.apply(Parsers.scala:3074)
2013-04-24 00:18:29,026 ERROR [Scala Presentation Compiler [progfun-objsets]] - System.err - at scala.tools.nsc.ast.parser.Parsers$Parser$$anonfun$blockStatSeq$1.apply(Parsers.scala:3066)
2013-04-24 00:18:29,026 ERROR [Scala Presentation Compiler [progfun-objsets]] - System.err - at scala.tools.nsc.ast.parser.Parsers$Parser.checkNoEscapingPlaceholders(Parsers.scala:428)
2013-04-24 00:18:29,026 ERROR [Scala Presentation Compiler [progfun-objsets]] - System.err - at scala.tools.nsc.ast.parser.Parsers$Parser.blockStatSeq(Parsers.scala:3066)
2013-04-24 00:18:29,026 ERROR [Scala Presentation Compiler [progfun-objsets]] - System.err - at scala.tools.nsc.ast.parser.Parsers$Parser.block(Parsers.scala:1654)
2013-04-24 00:18:29,026 ERROR [Scala Presentation Compiler [progfun-objsets]] - System.err - at scala.tools.nsc.ast.parser.Parsers$Parser.blockExpr(Parsers.scala:1643)
2013-04-24 00:18:29,026 ERROR [Scala Presentation Compiler [progfun-objsets]] - System.err - at scala.tools.nsc.ast.parser.Parsers$Parser.simpleExpr(Parsers.scala:1556)
2013-04-24 00:18:29,026 ERROR [Scala Presentation Compiler [progfun-objsets]] - System.err - at scala.tools.nsc.ast.parser.Parsers$Parser.prefixExpr(Parsers.scala:1518)
2013-04-24 00:18:29,026 ERROR [Scala Presentation Compiler [progfun-objsets]] - System.err - at scala.tools.nsc.ast.parser.Parsers$Parser.postfixExpr(Parsers.scala:1478)
2013-04-24 00:18:29,026 ERROR [Scala Presentation Compiler [progfun-objsets]] - System.err - at scala.tools.nsc.ast.parser.Parsers$Parser.parseOther$1(Parsers.scala:1391)
2013-04-24 00:18:29,027 ERROR [Scala Presentation Compiler [progfun-objsets]] - System.err - at scala.tools.nsc.ast.parser.Parsers$Parser.expr0(Parsers.scala:1445)
2013-04-24 00:18:29,027 ERROR [Scala Presentation Compiler [progfun-objsets]] - System.err - at scala.tools.nsc.ast.parser.Parsers$Parser.expr(Parsers.scala:1285)
2013-04-24 00:18:29,027 ERROR [Scala Presentation Compiler [progfun-objsets]] - System.err - at scala.tools.nsc.ast.parser.Parsers$Parser.expr(Parsers.scala:1280)
2013-04-24 00:18:29,027 ERROR [Scala Presentation Compiler [progfun-objsets]] - System.err - at scala.tools.nsc.ast.parser.Parsers$Parser.funDefRest(Parsers.scala:2571)
2013-04-24 00:18:29,027 ERROR [Scala Presentation Compiler [progfun-objsets]] - System.err - at scala.tools.nsc.ast.parser.Parsers$Parser.funDefOrDcl(Parsers.scala:2538)
2013-04-24 00:18:29,027 ERROR [Scala Presentation Compiler [progfun-objsets]] - System.err - at scala.tools.nsc.ast.parser.Parsers$Parser.defOrDcl(Parsers.scala:2421)
2013-04-24 00:18:29,027 ERROR [Scala Presentation Compiler [progfun-objsets]] - System.err - at scala.tools.nsc.ast.parser.Parsers$Parser.nonLocalDefOrDcl(Parsers.scala:2433)
2013-04-24 00:18:29,027 ERROR [Scala Presentation Compiler [progfun-objsets]] - System.err - at scala.tools.nsc.ast.parser.Parsers$Parser$$anonfun$templateStatSeq$1$$anonfun$apply$5.apply(Parsers.scala:2997)
2013-04-24 00:18:29,027 ERROR [Scala Presentation Compiler [progfun-objsets]] - System.err - at scala.tools.nsc.ast.parser.Parsers$Parser$$anonfun$templateStatSeq$1$$anonfun$apply$5.apply(Parsers.scala:2997)
2013-04-24 00:18:29,027 ERROR [Scala Presentation Compiler [progfun-objsets]] - System.err - at scala.tools.nsc.ast.parser.Parsers$Parser.joinComment(Parsers.scala:683)
2013-04-24 00:18:29,027 ERROR [Scala Presentation Compiler [progfun-objsets]] - System.err - at scala.tools.nsc.ast.parser.Parsers$Parser$$anonfun$templateStatSeq$1.apply(Parsers.scala:2997)
2013-04-24 00:18:29,027 ERROR [Scala Presentation Compiler [progfun-objsets]] - System.err - at scala.tools.nsc.ast.parser.Parsers$Parser$$anonfun$templateStatSeq$1.apply(Parsers.scala:2966)
2013-04-24 00:18:29,027 ERROR [Scala Presentation Compiler [progfun-objsets]] - System.err - at scala.tools.nsc.ast.parser.Parsers$Parser.checkNoEscapingPlaceholders(Parsers.scala:428)
2013-04-24 00:18:29,027 ERROR [Scala Presentation Compiler [progfun-objsets]] - System.err - at scala.tools.nsc.ast.parser.Parsers$Parser.templateStatSeq(Parsers.scala:2966)
2013-04-24 00:18:29,027 ERROR [Scala Presentation Compiler [progfun-objsets]] - System.err - at scala.tools.nsc.ast.parser.Parsers$Parser.templateBody(Parsers.scala:2846)
2013-04-24 00:18:29,027 ERROR [Scala Presentation Compiler [progfun-objsets]] - System.err - at scala.tools.nsc.ast.parser.Parsers$Parser.templateBodyOpt(Parsers.scala:2853)
2013-04-24 00:18:29,027 ERROR [Scala Presentation Compiler [progfun-objsets]] - System.err - at scala.tools.nsc.ast.parser.Parsers$Parser.template(Parsers.scala:2790)
2013-04-24 00:18:29,027 ERROR [Scala Presentation Compiler [progfun-objsets]] - System.err - at scala.tools.nsc.ast.parser.Parsers$Parser.templateOpt(Parsers.scala:2808)
2013-04-24 00:18:29,027 ERROR [Scala Presentation Compiler [progfun-objsets]] - System.err - at scala.tools.nsc.ast.parser.Parsers$Parser$$anonfun$classDef$1.apply(Parsers.scala:2709)
2013-04-24 00:18:29,027 ERROR [Scala Presentation Compiler [progfun-objsets]] - System.err - at scala.tools.nsc.ast.parser.Parsers$Parser$$anonfun$classDef$1.apply(Parsers.scala:2690)
2013-04-24 00:18:29,027 ERROR [Scala Presentation Compiler [progfun-objsets]] - System.err - at scala.tools.nsc.ast.parser.Parsers$Parser.savingClassContextBounds(Parsers.scala:290)
2013-04-24 00:18:29,027 ERROR [Scala Presentation Compiler [progfun-objsets]] - System.err - at scala.tools.nsc.ast.parser.Parsers$Parser.classDef(Parsers.scala:2690)
2013-04-24 00:18:29,028 ERROR [Scala Presentation Compiler [progfun-objsets]] - System.err - at scala.tools.nsc.ast.parser.Parsers$Parser.tmplDef(Parsers.scala:2666)
2013-04-24 00:18:29,028 ERROR [Scala Presentation Compiler [progfun-objsets]] - System.err - at scala.tools.nsc.ast.parser.Parsers$Parser.topLevelTmplDef(Parsers.scala:2651)
2013-04-24 00:18:29,028 ERROR [Scala Presentation Compiler [progfun-objsets]] - System.err - at scala.tools.nsc.ast.parser.Parsers$Parser$$anonfun$topStatSeq$2.apply(Parsers.scala:2937)
2013-04-24 00:18:29,028 ERROR [Scala Presentation Compiler [progfun-objsets]] - System.err - at scala.tools.nsc.ast.parser.Parsers$Parser$$anonfun$topStatSeq$2.apply(Parsers.scala:2937)
2013-04-24 00:18:29,028 ERROR [Scala Presentation Compiler [progfun-objsets]] - System.err - at scala.tools.nsc.ast.parser.Parsers$Parser.joinComment(Parsers.scala:683)
2013-04-24 00:18:29,028 ERROR [Scala Presentation Compiler [progfun-objsets]] - System.err - at scala.tools.nsc.ast.parser.Parsers$Parser.topStatSeq(Parsers.scala:2937)
2013-04-24 00:18:29,028 ERROR [Scala Presentation Compiler [progfun-objsets]] - System.err - at scala.tools.nsc.ast.parser.Parsers$Parser$$anonfun$compilationUnit$1.topstats$1(Parsers.scala:3132)
2013-04-24 00:18:29,028 ERROR [Scala Presentation Compiler [progfun-objsets]] - System.err - at scala.tools.nsc.ast.parser.Parsers$Parser$$anonfun$compilationUnit$1.topstats$1(Parsers.scala:3124)
2013-04-24 00:18:29,028 ERROR [Scala Presentation Compiler [progfun-objsets]] - System.err - at scala.tools.nsc.ast.parser.Parsers$Parser$$anonfun$compilationUnit$1.apply(Parsers.scala:3138)
2013-04-24 00:18:29,028 ERROR [Scala Presentation Compiler [progfun-objsets]] - System.err - at scala.tools.nsc.ast.parser.Parsers$Parser$$anonfun$compilationUnit$1.apply(Parsers.scala:3102)
2013-04-24 00:18:29,028 ERROR [Scala Presentation Compiler [progfun-objsets]] - System.err - at scala.tools.nsc.ast.parser.Parsers$Parser.checkNoEscapingPlaceholders(Parsers.scala:428)
2013-04-24 00:18:29,028 ERROR [Scala Presentation Compiler [progfun-objsets]] - System.err - at scala.tools.nsc.ast.parser.Parsers$Parser.compilationUnit(Parsers.scala:3102)
2013-04-24 00:18:29,028 ERROR [Scala Presentation Compiler [progfun-objsets]] - System.err - at scala.tools.nsc.ast.parser.Parsers$SourceFileParser$$anonfun$parseStartRule$1.apply(Parsers.scala:141)
2013-04-24 00:18:29,028 ERROR [Scala Presentation Compiler [progfun-objsets]] - System.err - at scala.tools.nsc.ast.parser.Parsers$SourceFileParser$$anonfun$parseStartRule$1.apply(Parsers.scala:141)
2013-04-24 00:18:29,028 ERROR [Scala Presentation Compiler [progfun-objsets]] - System.err - at scala.tools.nsc.ast.parser.Parsers$Parser.parse(Parsers.scala:313)
2013-04-24 00:18:29,028 ERROR [Scala Presentation Compiler [progfun-objsets]] - System.err - at scala.tools.nsc.ast.parser.Parsers$UnitParser.smartParse(Parsers.scala:242)
2013-04-24 00:18:29,028 ERROR [Scala Presentation Compiler [progfun-objsets]] - System.err - at scala.tools.nsc.ast.parser.SyntaxAnalyzer$ParserPhase.apply(SyntaxAnalyzer.scala:29)
2013-04-24 00:18:29,028 ERROR [Scala Presentation Compiler [progfun-objsets]] - System.err - at scala.tools.nsc.Global$GlobalPhase.applyPhase(Global.scala:463)
2013-04-24 00:18:29,028 ERROR [Scala Presentation Compiler [progfun-objsets]] - System.err - at scala.tools.nsc.Global$Run$$anonfun$compileLate$2$$anonfun$apply$1.apply(Global.scala:1682)
2013-04-24 00:18:29,028 ERROR [Scala Presentation Compiler [progfun-objsets]] - System.err - at scala.tools.nsc.Global$Run$$anonfun$compileLate$2$$anonfun$apply$1.apply(Global.scala:1682)
2013-04-24 00:18:29,028 ERROR [Scala Presentation Compiler [progfun-objsets]] - System.err - at scala.reflect.internal.SymbolTable.atPhase(SymbolTable.scala:207)
2013-04-24 00:18:29,028 ERROR [Scala Presentation Compiler [progfun-objsets]] - System.err - at scala.tools.nsc.Global$Run$$anonfun$compileLate$2.apply(Global.scala:1682)
2013-04-24 00:18:29,029 ERROR [Scala Presentation Compiler [progfun-objsets]] - System.err - at scala.tools.nsc.Global$Run$$anonfun$compileLate$2.apply(Global.scala:1681)
2013-04-24 00:18:29,029 ERROR [Scala Presentation Compiler [progfun-objsets]] - System.err - at scala.collection.Iterator$class.foreach(Iterator.scala:727)
2013-04-24 00:18:29,029 ERROR [Scala Presentation Compiler [progfun-objsets]] - System.err - at scala.collection.AbstractIterator.foreach(Iterator.scala:1157)
2013-04-24 00:18:29,029 ERROR [Scala Presentation Compiler [progfun-objsets]] - System.err - at scala.tools.nsc.Global$Run.compileLate(Global.scala:1681)
2013-04-24 00:18:29,029 ERROR [Scala Presentation Compiler [progfun-objsets]] - System.err - at scala.tools.nsc.interactive.Global.scala$tools$nsc$interactive$Global$$parseAndEnter(Global.scala:574)
2013-04-24 00:18:29,029 ERROR [Scala Presentation Compiler [progfun-objsets]] - System.err - at scala.tools.nsc.interactive.Global.backgroundCompile(Global.scala:481)
2013-04-24 00:18:29,029 ERROR [Scala Presentation Compiler [progfun-objsets]] - System.err - at scala.tools.nsc.interactive.PresentationCompilerThread.run(PresentationCompilerThread.scala:25)
2013-04-25 23:56:23,184 ERROR [Worker-46] - System.err - SLF4J: Failed to load class "org.slf4j.impl.StaticLoggerBinder".
2013-04-25 23:56:23,216 ERROR [Worker-46] - System.err - SLF4J: Defaulting to no-operation (NOP) logger implementation
2013-04-25 23:56:23,217 ERROR [Worker-46] - System.err - SLF4J: See http://www.slf4j.org/codes.html#StaticLoggerBinder for further details.
2013-04-26 00:35:26,189  WARN [org.eclipse.jdt.internal.ui.text.JavaReconciler] - ImplicitHighlightingPresenter - Timeout while waiting for `askLoadedTyped` during implicit highlighting.
2013-04-26 02:12:34,562  WARN [org.eclipse.jdt.internal.ui.text.JavaReconciler] - ImplicitHighlightingPresenter - Timeout while waiting for `askLoadedTyped` during implicit highlighting.
2013-04-26 02:24:13,217  WARN [org.eclipse.jdt.internal.ui.text.JavaReconciler] - ImplicitHighlightingPresenter - Timeout while waiting for `askLoadedTyped` during implicit highlighting.
2013-04-27 07:03:30,911 ERROR [main] - org.scala-ide.sdt.core - org.scala-ide.sdt.core - org.scala-ide.sdt.core - 0 - Error during askOption
java.lang.InterruptedException
	at java.lang.Object.wait(Native Method)
	at scala.tools.nsc.interactive.Response.get(Response.scala:74)
	at scala.tools.eclipse.ScalaPresentationCompiler.askOption(ScalaPresentationCompiler.scala:137)
	at scala.tools.eclipse.ScalaPresentationCompiler.askOption(ScalaPresentationCompiler.scala:128)
	at scala.tools.eclipse.ScalaHover$$anonfun$getHoverInfo$1.scala$tools$eclipse$ScalaHover$$anonfun$$hoverInfo$1(ScalaHover.scala:24)
	at scala.tools.eclipse.ScalaHover$$anonfun$getHoverInfo$1$$anonfun$apply$3.apply(ScalaHover.scala:41)
	at scala.tools.eclipse.ScalaHover$$anonfun$getHoverInfo$1$$anonfun$apply$3.apply(ScalaHover.scala:40)
	at scala.Option.flatMap(Option.scala:170)
	at scala.tools.eclipse.ScalaHover$$anonfun$getHoverInfo$1.apply(ScalaHover.scala:40)
	at scala.tools.eclipse.ScalaHover$$anonfun$getHoverInfo$1.apply(ScalaHover.scala:21)
	at scala.tools.eclipse.ScalaPresentationCompiler.withSourceFile(ScalaPresentationCompiler.scala:99)
	at scala.tools.eclipse.ScalaProject$$anonfun$withSourceFile$1.apply(ScalaProject.scala:602)
	at scala.tools.eclipse.ScalaProject$$anonfun$withSourceFile$1.apply(ScalaProject.scala:601)
	at scala.tools.eclipse.ScalaProject$$anonfun$withPresentationCompiler$1.apply(ScalaProject.scala:595)
	at scala.tools.eclipse.ScalaProject$$anonfun$withPresentationCompiler$1.apply(ScalaProject.scala:594)
	at scala.tools.eclipse.util.Cached$class.apply(Cached.scala:41)
	at scala.tools.eclipse.ScalaProject$$anon$1.apply(ScalaProject.scala:96)
	at scala.tools.eclipse.ScalaProject.withPresentationCompiler(ScalaProject.scala:594)
	at scala.tools.eclipse.ScalaProject.withSourceFile(ScalaProject.scala:603)
	at scala.tools.eclipse.InteractiveCompilationUnit$class.withSourceFile(InteractiveCompilationUnit.scala:66)
	at scala.tools.eclipse.javaelements.ScalaSourceFile.withSourceFile(ScalaSourceFile.scala:50)
	at scala.tools.eclipse.ScalaHover.getHoverInfo(ScalaHover.scala:43)
	at org.eclipse.jface.text.TextViewerHoverManager$4.run(TextViewerHoverManager.java:168)
2013-04-27 07:09:14,293 ERROR [Worker-33] - System.err - SLF4J: Failed to load class "org.slf4j.impl.StaticLoggerBinder".
2013-04-27 07:09:14,294 ERROR [Worker-33] - System.err - SLF4J: Defaulting to no-operation (NOP) logger implementation
2013-04-27 07:09:14,294 ERROR [Worker-33] - System.err - SLF4J: See http://www.slf4j.org/codes.html#StaticLoggerBinder for further details.
2013-05-10 20:18:47,290 ERROR [main] - org.scala-ide.sdt.core - org.scala-ide.sdt.core - org.scala-ide.sdt.core - 0 - Error during askOption
scala.reflect.internal.FatalError: Unknown type: <error>, <error> [class scala.reflect.internal.Types$ErrorType$, class scala.reflect.internal.Types$ErrorType$] TypeRef? false
	at scala.reflect.internal.SymbolTable.abort(SymbolTable.scala:49)
	at scala.tools.nsc.Global.abort(Global.scala:253)
	at scala.tools.nsc.backend.icode.TypeKinds$class.toTypeKind(TypeKinds.scala:397)
	at scala.tools.nsc.backend.icode.ICodes.toTypeKind(ICodes.scala:20)
	at scala.tools.nsc.backend.icode.TypeKinds$class.scala$tools$nsc$backend$icode$TypeKinds$$arrayOrClassType(TypeKinds.scala:406)
	at scala.tools.nsc.backend.icode.TypeKinds$$anonfun$primitiveOrClassType$1.apply(TypeKinds.scala:433)
	at scala.tools.nsc.backend.icode.TypeKinds$$anonfun$primitiveOrClassType$1.apply(TypeKinds.scala:433)
	at scala.collection.MapLike$class.getOrElse(MapLike.scala:128)
	at scala.collection.AbstractMap.getOrElse(Map.scala:58)
	at scala.tools.nsc.backend.icode.TypeKinds$class.primitiveOrClassType(TypeKinds.scala:433)
	at scala.tools.nsc.backend.icode.TypeKinds$class.toTypeKind(TypeKinds.scala:383)
	at scala.tools.nsc.backend.icode.ICodes.toTypeKind(ICodes.scala:20)
	at scala.tools.nsc.backend.jvm.GenJVMUtil$BytecodeUtil$class.javaType(GenJVMUtil.scala:100)
	at scala.tools.eclipse.JVMUtils$$anon$1.javaType(JVMUtils.scala:15)
	at scala.tools.eclipse.JVMUtils$class.javaType(JVMUtils.scala:38)
	at scala.tools.eclipse.ScalaPresentationCompiler.javaType(ScalaPresentationCompiler.scala:36)
	at scala.tools.eclipse.javaelements.ScalaJavaMapper$class.mapParamTypeSignature(ScalaJavaMapper.scala:244)
	at scala.tools.eclipse.ScalaPresentationCompiler.mapParamTypeSignature(ScalaPresentationCompiler.scala:36)
	at scala.tools.eclipse.javaelements.ScalaStructureBuilder$StructureBuilderTraverser$DefOwner$$anonfun$13.apply(ScalaStructureBuilder.scala:673)
	at scala.tools.eclipse.javaelements.ScalaStructureBuilder$StructureBuilderTraverser$DefOwner$$anonfun$13.apply(ScalaStructureBuilder.scala:673)
	at scala.collection.TraversableLike$$anonfun$map$1.apply(TraversableLike.scala:244)
	at scala.collection.TraversableLike$$anonfun$map$1.apply(TraversableLike.scala:244)
	at scala.collection.immutable.List.foreach(List.scala:318)
	at scala.collection.TraversableLike$class.map(TraversableLike.scala:244)
	at scala.collection.AbstractTraversable.map(Traversable.scala:105)
	at scala.tools.eclipse.javaelements.ScalaStructureBuilder$StructureBuilderTraverser$DefOwner$class.addDef(ScalaStructureBuilder.scala:673)
	at scala.tools.eclipse.javaelements.ScalaStructureBuilder$StructureBuilderTraverser$Builder.addDef(ScalaStructureBuilder.scala:871)
	at scala.tools.eclipse.javaelements.ScalaStructureBuilder$StructureBuilderTraverser$DefOwner$class.addDef(ScalaStructureBuilder.scala:658)
	at scala.tools.eclipse.javaelements.ScalaStructureBuilder$StructureBuilderTraverser$Builder.addDef(ScalaStructureBuilder.scala:871)
	at scala.tools.eclipse.javaelements.ScalaStructureBuilder$StructureBuilderTraverser$TreeTraverser.traverse(ScalaStructureBuilder.scala:943)
	at scala.tools.eclipse.javaelements.ScalaStructureBuilder$StructureBuilderTraverser$TreeTraverser$$anonfun$traverse$1.apply(ScalaStructureBuilder.scala:950)
	at scala.tools.eclipse.javaelements.ScalaStructureBuilder$StructureBuilderTraverser$TreeTraverser$$anonfun$traverse$1.apply(ScalaStructureBuilder.scala:950)
	at scala.collection.immutable.List.foreach(List.scala:318)
	at scala.tools.eclipse.javaelements.ScalaStructureBuilder$StructureBuilderTraverser$TreeTraverser.traverse(ScalaStructureBuilder.scala:950)
	at scala.tools.eclipse.javaelements.ScalaStructureBuilder$StructureBuilderTraverser$TreeTraverser$$anonfun$traverse$1.apply(ScalaStructureBuilder.scala:950)
	at scala.tools.eclipse.javaelements.ScalaStructureBuilder$StructureBuilderTraverser$TreeTraverser$$anonfun$traverse$1.apply(ScalaStructureBuilder.scala:950)
	at scala.collection.immutable.List.foreach(List.scala:318)
	at scala.tools.eclipse.javaelements.ScalaStructureBuilder$StructureBuilderTraverser$TreeTraverser.traverse(ScalaStructureBuilder.scala:950)
	at scala.tools.eclipse.javaelements.ScalaStructureBuilder$StructureBuilderTraverser$TreeTraverser$$anonfun$traverse$1.apply(ScalaStructureBuilder.scala:950)
	at scala.tools.eclipse.javaelements.ScalaStructureBuilder$StructureBuilderTraverser$TreeTraverser$$anonfun$traverse$1.apply(ScalaStructureBuilder.scala:950)
	at scala.collection.immutable.List.foreach(List.scala:318)
	at scala.tools.eclipse.javaelements.ScalaStructureBuilder$StructureBuilderTraverser$TreeTraverser.traverse(ScalaStructureBuilder.scala:950)
	at scala.tools.eclipse.javaelements.ScalaStructureBuilder$StructureBuilderTraverser.traverse(ScalaStructureBuilder.scala:903)
	at scala.tools.eclipse.javaelements.ScalaCompilationUnit$$anonfun$buildStructure$2$$anonfun$apply$5$$anonfun$apply$1.apply$mcV$sp(ScalaCompilationUnit.scala:89)
	at scala.tools.eclipse.javaelements.ScalaCompilationUnit$$anonfun$buildStructure$2$$anonfun$apply$5$$anonfun$apply$1.apply(ScalaCompilationUnit.scala:88)
	at scala.tools.eclipse.javaelements.ScalaCompilationUnit$$anonfun$buildStructure$2$$anonfun$apply$5$$anonfun$apply$1.apply(ScalaCompilationUnit.scala:88)
	at scala.tools.nsc.util.InterruptReq.execute(InterruptReq.scala:26)
	at scala.tools.nsc.interactive.Global.pollForWork(Global.scala:340)
	at scala.tools.nsc.interactive.PresentationCompilerThread.run(PresentationCompilerThread.scala:22)
2013-05-10 20:21:04,274 ERROR [Worker-27] - System.err - SLF4J: Failed to load class "org.slf4j.impl.StaticLoggerBinder".
2013-05-10 20:21:04,275 ERROR [Worker-27] - System.err - SLF4J: Defaulting to no-operation (NOP) logger implementation
2013-05-10 20:21:04,275 ERROR [Worker-27] - System.err - SLF4J: See http://www.slf4j.org/codes.html#StaticLoggerBinder for further details.
2013-05-17 18:30:16,247 ERROR [Worker-182] - System.err - SLF4J: Failed to load class "org.slf4j.impl.StaticLoggerBinder".
2013-05-17 18:30:16,270 ERROR [Worker-182] - System.err - SLF4J: Defaulting to no-operation (NOP) logger implementation
2013-05-17 18:30:16,270 ERROR [Worker-182] - System.err - SLF4J: See http://www.slf4j.org/codes.html#StaticLoggerBinder for further details.
2013-05-18 23:01:45,601  WARN [main] - ImplicitHighlightingPresenter - Timeout while waiting for `askLoadedTyped` during implicit highlighting.
2013-05-18 23:01:59,926  WARN [ModalContext] - ImplicitHighlightingPresenter - Timeout while waiting for `askLoadedTyped` during implicit highlighting.
